CRITICAL - 2022-01-12 15:15:58 --> syntax error, unexpected '?>'
#0 C:\xampp\htdocs\ashokas\system\View\View.php(217): CodeIgniter\View\View->CodeIgniter\View\{closure}()
#1 C:\xampp\htdocs\ashokas\system\Common.php(1097): CodeIgniter\View\View->render('login', Array, true)
#2 C:\xampp\htdocs\ashokas\app\Controllers\Home.php(19): view('login')
#3 C:\xampp\htdocs\ashokas\system\CodeIgniter.php(824): App\Controllers\Home->index()
#4 C:\xampp\htdocs\ashokas\system\CodeIgniter.php(410): CodeIgniter\CodeIgniter->runController(Object(App\Controllers\Home))
#5 C:\xampp\htdocs\ashokas\system\CodeIgniter.php(318): CodeIgniter\CodeIgniter->handleRequest(NULL, Object(Config\Cache), false)
#6 C:\xampp\htdocs\ashokas\index.php(37): CodeIgniter\CodeIgniter->run()
#7 {main}
CRITICAL - 2022-01-12 15:17:02 --> syntax error, unexpected '?>'
#0 C:\xampp\htdocs\ashokas\system\View\View.php(217): CodeIgniter\View\View->CodeIgniter\View\{closure}()
#1 C:\xampp\htdocs\ashokas\system\Common.php(1097): CodeIgniter\View\View->render('login', Array, true)
#2 C:\xampp\htdocs\ashokas\app\Controllers\Home.php(19): view('login')
#3 C:\xampp\htdocs\ashokas\system\CodeIgniter.php(824): App\Controllers\Home->index()
#4 C:\xampp\htdocs\ashokas\system\CodeIgniter.php(410): CodeIgniter\CodeIgniter->runController(Object(App\Controllers\Home))
#5 C:\xampp\htdocs\ashokas\system\CodeIgniter.php(318): CodeIgniter\CodeIgniter->handleRequest(NULL, Object(Config\Cache), false)
#6 C:\xampp\htdocs\ashokas\index.php(37): CodeIgniter\CodeIgniter->run()
#7 {main}
CRITICAL - 2022-01-12 15:19:59 --> syntax error, unexpected '?>'
#0 C:\xampp\htdocs\ashokas\system\View\View.php(217): CodeIgniter\View\View->CodeIgniter\View\{closure}()
#1 C:\xampp\htdocs\ashokas\system\Common.php(1097): CodeIgniter\View\View->render('login', Array, true)
#2 C:\xampp\htdocs\ashokas\app\Controllers\Home.php(19): view('login', Array)
#3 C:\xampp\htdocs\ashokas\system\CodeIgniter.php(824): App\Controllers\Home->index()
#4 C:\xampp\htdocs\ashokas\system\CodeIgniter.php(410): CodeIgniter\CodeIgniter->runController(Object(App\Controllers\Home))
#5 C:\xampp\htdocs\ashokas\system\CodeIgniter.php(318): CodeIgniter\CodeIgniter->handleRequest(NULL, Object(Config\Cache), false)
#6 C:\xampp\htdocs\ashokas\index.php(37): CodeIgniter\CodeIgniter->run()
#7 {main}
CRITICAL - 2022-01-12 15:20:00 --> syntax error, unexpected '?>'
#0 C:\xampp\htdocs\ashokas\system\View\View.php(217): CodeIgniter\View\View->CodeIgniter\View\{closure}()
#1 C:\xampp\htdocs\ashokas\system\Common.php(1097): CodeIgniter\View\View->render('login', Array, true)
#2 C:\xampp\htdocs\ashokas\app\Controllers\Home.php(19): view('login', Array)
#3 C:\xampp\htdocs\ashokas\system\CodeIgniter.php(824): App\Controllers\Home->index()
#4 C:\xampp\htdocs\ashokas\system\CodeIgniter.php(410): CodeIgniter\CodeIgniter->runController(Object(App\Controllers\Home))
#5 C:\xampp\htdocs\ashokas\system\CodeIgniter.php(318): CodeIgniter\CodeIgniter->handleRequest(NULL, Object(Config\Cache), false)
#6 C:\xampp\htdocs\ashokas\index.php(37): CodeIgniter\CodeIgniter->run()
#7 {main}
CRITICAL - 2022-01-12 15:22:03 --> Call to undefined function form_open()
#0 C:\xampp\htdocs\ashokas\system\View\View.php(214): include()
#1 C:\xampp\htdocs\ashokas\system\View\View.php(217): CodeIgniter\View\View->CodeIgniter\View\{closure}()
#2 C:\xampp\htdocs\ashokas\system\Common.php(1097): CodeIgniter\View\View->render('login', Array, true)
#3 C:\xampp\htdocs\ashokas\app\Controllers\Home.php(19): view('login', Array)
#4 C:\xampp\htdocs\ashokas\system\CodeIgniter.php(824): App\Controllers\Home->index()
#5 C:\xampp\htdocs\ashokas\system\CodeIgniter.php(410): CodeIgniter\CodeIgniter->runController(Object(App\Controllers\Home))
#6 C:\xampp\htdocs\ashokas\system\CodeIgniter.php(318): CodeIgniter\CodeIgniter->handleRequest(NULL, Object(Config\Cache), false)
#7 C:\xampp\htdocs\ashokas\index.php(37): CodeIgniter\CodeIgniter->run()
#8 {main}
CRITICAL - 2022-01-12 15:22:04 --> Call to undefined function form_open()
#0 C:\xampp\htdocs\ashokas\system\View\View.php(214): include()
#1 C:\xampp\htdocs\ashokas\system\View\View.php(217): CodeIgniter\View\View->CodeIgniter\View\{closure}()
#2 C:\xampp\htdocs\ashokas\system\Common.php(1097): CodeIgniter\View\View->render('login', Array, true)
#3 C:\xampp\htdocs\ashokas\app\Controllers\Home.php(19): view('login', Array)
#4 C:\xampp\htdocs\ashokas\system\CodeIgniter.php(824): App\Controllers\Home->index()
#5 C:\xampp\htdocs\ashokas\system\CodeIgniter.php(410): CodeIgniter\CodeIgniter->runController(Object(App\Controllers\Home))
#6 C:\xampp\htdocs\ashokas\system\CodeIgniter.php(318): CodeIgniter\CodeIgniter->handleRequest(NULL, Object(Config\Cache), false)
#7 C:\xampp\htdocs\ashokas\index.php(37): CodeIgniter\CodeIgniter->run()
#8 {main}
CRITICAL - 2022-01-12 15:22:04 --> Call to undefined function form_open()
#0 C:\xampp\htdocs\ashokas\system\View\View.php(214): include()
#1 C:\xampp\htdocs\ashokas\system\View\View.php(217): CodeIgniter\View\View->CodeIgniter\View\{closure}()
#2 C:\xampp\htdocs\ashokas\system\Common.php(1097): CodeIgniter\View\View->render('login', Array, true)
#3 C:\xampp\htdocs\ashokas\app\Controllers\Home.php(19): view('login', Array)
#4 C:\xampp\htdocs\ashokas\system\CodeIgniter.php(824): App\Controllers\Home->index()
#5 C:\xampp\htdocs\ashokas\system\CodeIgniter.php(410): CodeIgniter\CodeIgniter->runController(Object(App\Controllers\Home))
#6 C:\xampp\htdocs\ashokas\system\CodeIgniter.php(318): CodeIgniter\CodeIgniter->handleRequest(NULL, Object(Config\Cache), false)
#7 C:\xampp\htdocs\ashokas\index.php(37): CodeIgniter\CodeIgniter->run()
#8 {main}
CRITICAL - 2022-01-12 17:43:47 --> Call to a member function listErrors() on string
#0 C:\xampp\htdocs\ashokas\system\View\View.php(214): include()
#1 C:\xampp\htdocs\ashokas\system\View\View.php(217): CodeIgniter\View\View->CodeIgniter\View\{closure}()
#2 C:\xampp\htdocs\ashokas\system\Common.php(1097): CodeIgniter\View\View->render('testlog', Array, true)
#3 C:\xampp\htdocs\ashokas\app\Controllers\Login.php(62): view('testlog', Array)
#4 C:\xampp\htdocs\ashokas\system\CodeIgniter.php(824): App\Controllers\Login->index()
#5 C:\xampp\htdocs\ashokas\system\CodeIgniter.php(410): CodeIgniter\CodeIgniter->runController(Object(App\Controllers\Login))
#6 C:\xampp\htdocs\ashokas\system\CodeIgniter.php(318): CodeIgniter\CodeIgniter->handleRequest(NULL, Object(Config\Cache), false)
#7 C:\xampp\htdocs\ashokas\index.php(37): CodeIgniter\CodeIgniter->run()
#8 {main}
CRITICAL - 2022-01-12 17:43:50 --> Call to a member function listErrors() on string
#0 C:\xampp\htdocs\ashokas\system\View\View.php(214): include()
#1 C:\xampp\htdocs\ashokas\system\View\View.php(217): CodeIgniter\View\View->CodeIgniter\View\{closure}()
#2 C:\xampp\htdocs\ashokas\system\Common.php(1097): CodeIgniter\View\View->render('testlog', Array, true)
#3 C:\xampp\htdocs\ashokas\app\Controllers\Login.php(62): view('testlog', Array)
#4 C:\xampp\htdocs\ashokas\system\CodeIgniter.php(824): App\Controllers\Login->index()
#5 C:\xampp\htdocs\ashokas\system\CodeIgniter.php(410): CodeIgniter\CodeIgniter->runController(Object(App\Controllers\Login))
#6 C:\xampp\htdocs\ashokas\system\CodeIgniter.php(318): CodeIgniter\CodeIgniter->handleRequest(NULL, Object(Config\Cache), false)
#7 C:\xampp\htdocs\ashokas\index.php(37): CodeIgniter\CodeIgniter->run()
#8 {main}
CRITICAL - 2022-01-12 17:43:52 --> Call to a member function listErrors() on string
#0 C:\xampp\htdocs\ashokas\system\View\View.php(214): include()
#1 C:\xampp\htdocs\ashokas\system\View\View.php(217): CodeIgniter\View\View->CodeIgniter\View\{closure}()
#2 C:\xampp\htdocs\ashokas\system\Common.php(1097): CodeIgniter\View\View->render('testlog', Array, true)
#3 C:\xampp\htdocs\ashokas\app\Controllers\Login.php(62): view('testlog', Array)
#4 C:\xampp\htdocs\ashokas\system\CodeIgniter.php(824): App\Controllers\Login->index()
#5 C:\xampp\htdocs\ashokas\system\CodeIgniter.php(410): CodeIgniter\CodeIgniter->runController(Object(App\Controllers\Login))
#6 C:\xampp\htdocs\ashokas\system\CodeIgniter.php(318): CodeIgniter\CodeIgniter->handleRequest(NULL, Object(Config\Cache), false)
#7 C:\xampp\htdocs\ashokas\index.php(37): CodeIgniter\CodeIgniter->run()
#8 {main}
CRITICAL - 2022-01-12 17:44:11 --> Call to a member function listErrors() on string
#0 C:\xampp\htdocs\ashokas\system\View\View.php(214): include()
#1 C:\xampp\htdocs\ashokas\system\View\View.php(217): CodeIgniter\View\View->CodeIgniter\View\{closure}()
#2 C:\xampp\htdocs\ashokas\system\Common.php(1097): CodeIgniter\View\View->render('testlog', Array, true)
#3 C:\xampp\htdocs\ashokas\app\Controllers\Login.php(62): view('testlog', Array)
#4 C:\xampp\htdocs\ashokas\system\CodeIgniter.php(824): App\Controllers\Login->index()
#5 C:\xampp\htdocs\ashokas\system\CodeIgniter.php(410): CodeIgniter\CodeIgniter->runController(Object(App\Controllers\Login))
#6 C:\xampp\htdocs\ashokas\system\CodeIgniter.php(318): CodeIgniter\CodeIgniter->handleRequest(NULL, Object(Config\Cache), false)
#7 C:\xampp\htdocs\ashokas\index.php(37): CodeIgniter\CodeIgniter->run()
#8 {main}
CRITICAL - 2022-01-12 18:27:31 --> syntax error, unexpected ','
#0 C:\xampp\htdocs\ashokas\system\Autoloader\Autoloader.php(241): CodeIgniter\Autoloader\Autoloader->includeFile('C:\\xampp\\htdocs...')
#1 C:\xampp\htdocs\ashokas\system\Autoloader\Autoloader.php(219): CodeIgniter\Autoloader\Autoloader->loadInNamespace('App\\Controllers...')
#2 [internal function]: CodeIgniter\Autoloader\Autoloader->loadClass('App\\Controllers...')
#3 [internal function]: spl_autoload_call('App\\Controllers...')
#4 C:\xampp\htdocs\ashokas\system\CodeIgniter.php(789): class_exists('\\App\\Controller...', true)
#5 C:\xampp\htdocs\ashokas\system\CodeIgniter.php(397): CodeIgniter\CodeIgniter->startController()
#6 C:\xampp\htdocs\ashokas\system\CodeIgniter.php(318): CodeIgniter\CodeIgniter->handleRequest(NULL, Object(Config\Cache), false)
#7 C:\xampp\htdocs\ashokas\index.php(37): CodeIgniter\CodeIgniter->run()
#8 {main}
CRITICAL - 2022-01-12 18:27:46 --> syntax error, unexpected ','
#0 C:\xampp\htdocs\ashokas\system\Autoloader\Autoloader.php(241): CodeIgniter\Autoloader\Autoloader->includeFile('C:\\xampp\\htdocs...')
#1 C:\xampp\htdocs\ashokas\system\Autoloader\Autoloader.php(219): CodeIgniter\Autoloader\Autoloader->loadInNamespace('App\\Controllers...')
#2 [internal function]: CodeIgniter\Autoloader\Autoloader->loadClass('App\\Controllers...')
#3 [internal function]: spl_autoload_call('App\\Controllers...')
#4 C:\xampp\htdocs\ashokas\system\CodeIgniter.php(789): class_exists('\\App\\Controller...', true)
#5 C:\xampp\htdocs\ashokas\system\CodeIgniter.php(397): CodeIgniter\CodeIgniter->startController()
#6 C:\xampp\htdocs\ashokas\system\CodeIgniter.php(318): CodeIgniter\CodeIgniter->handleRequest(NULL, Object(Config\Cache), false)
#7 C:\xampp\htdocs\ashokas\index.php(37): CodeIgniter\CodeIgniter->run()
#8 {main}
