CRITICAL - 2021-11-26 23:30:19 --> Argument 3 passed to view() must be of the type array, null given, called in C:\xampp\htdocs\ashokas\app\Controllers\Home.php on line 29
#0 C:\xampp\htdocs\ashokas\app\Controllers\Home.php(29): view('dashboard', Array, NULL)
#1 C:\xampp\htdocs\ashokas\system\CodeIgniter.php(824): App\Controllers\Home->dashboard()
#2 C:\xampp\htdocs\ashokas\system\CodeIgniter.php(410): CodeIgniter\CodeIgniter->runController(Object(App\Controllers\Home))
#3 C:\xampp\htdocs\ashokas\system\CodeIgniter.php(318): CodeIgniter\CodeIgniter->handleRequest(NULL, Object(Config\Cache), false)
#4 C:\xampp\htdocs\ashokas\index.php(37): CodeIgniter\CodeIgniter->run()
#5 {main}
CRITICAL - 2021-11-26 23:32:44 --> Argument 3 passed to view() must be of the type array, null given, called in C:\xampp\htdocs\ashokas\app\Controllers\Home.php on line 29
#0 C:\xampp\htdocs\ashokas\app\Controllers\Home.php(29): view('dashboard', Array, NULL)
#1 C:\xampp\htdocs\ashokas\system\CodeIgniter.php(824): App\Controllers\Home->dashboard()
#2 C:\xampp\htdocs\ashokas\system\CodeIgniter.php(410): CodeIgniter\CodeIgniter->runController(Object(App\Controllers\Home))
#3 C:\xampp\htdocs\ashokas\system\CodeIgniter.php(318): CodeIgniter\CodeIgniter->handleRequest(NULL, Object(Config\Cache), false)
#4 C:\xampp\htdocs\ashokas\index.php(37): CodeIgniter\CodeIgniter->run()
#5 {main}
CRITICAL - 2021-11-26 23:33:44 --> syntax error, unexpected 'echo' (T_ECHO)
#0 C:\xampp\htdocs\ashokas\system\View\View.php(217): CodeIgniter\View\View->CodeIgniter\View\{closure}()
#1 C:\xampp\htdocs\ashokas\system\View\View.php(230): CodeIgniter\View\View->render('layouts/base', Array, true)
#2 C:\xampp\htdocs\ashokas\system\Common.php(1097): CodeIgniter\View\View->render('dashboard', Array, true)
#3 C:\xampp\htdocs\ashokas\app\Controllers\Home.php(29): view('dashboard', Array)
#4 C:\xampp\htdocs\ashokas\system\CodeIgniter.php(824): App\Controllers\Home->dashboard()
#5 C:\xampp\htdocs\ashokas\system\CodeIgniter.php(410): CodeIgniter\CodeIgniter->runController(Object(App\Controllers\Home))
#6 C:\xampp\htdocs\ashokas\system\CodeIgniter.php(318): CodeIgniter\CodeIgniter->handleRequest(NULL, Object(Config\Cache), false)
#7 C:\xampp\htdocs\ashokas\index.php(37): CodeIgniter\CodeIgniter->run()
#8 {main}
CRITICAL - 2021-11-26 23:33:46 --> syntax error, unexpected 'echo' (T_ECHO)
#0 C:\xampp\htdocs\ashokas\system\View\View.php(217): CodeIgniter\View\View->CodeIgniter\View\{closure}()
#1 C:\xampp\htdocs\ashokas\system\View\View.php(230): CodeIgniter\View\View->render('layouts/base', Array, true)
#2 C:\xampp\htdocs\ashokas\system\Common.php(1097): CodeIgniter\View\View->render('dashboard', Array, true)
#3 C:\xampp\htdocs\ashokas\app\Controllers\Home.php(29): view('dashboard', Array)
#4 C:\xampp\htdocs\ashokas\system\CodeIgniter.php(824): App\Controllers\Home->dashboard()
#5 C:\xampp\htdocs\ashokas\system\CodeIgniter.php(410): CodeIgniter\CodeIgniter->runController(Object(App\Controllers\Home))
#6 C:\xampp\htdocs\ashokas\system\CodeIgniter.php(318): CodeIgniter\CodeIgniter->handleRequest(NULL, Object(Config\Cache), false)
#7 C:\xampp\htdocs\ashokas\index.php(37): CodeIgniter\CodeIgniter->run()
#8 {main}
CRITICAL - 2021-11-26 23:36:10 --> syntax error, unexpected 'DOMContentLoaded' (T_STRING), expecting ';' or ','
#0 C:\xampp\htdocs\ashokas\system\View\View.php(217): CodeIgniter\View\View->CodeIgniter\View\{closure}()
#1 C:\xampp\htdocs\ashokas\system\View\View.php(230): CodeIgniter\View\View->render('layouts/base', Array, true)
#2 C:\xampp\htdocs\ashokas\system\Common.php(1097): CodeIgniter\View\View->render('dashboard', Array, true)
#3 C:\xampp\htdocs\ashokas\app\Controllers\Home.php(29): view('dashboard', Array)
#4 C:\xampp\htdocs\ashokas\system\CodeIgniter.php(824): App\Controllers\Home->dashboard()
#5 C:\xampp\htdocs\ashokas\system\CodeIgniter.php(410): CodeIgniter\CodeIgniter->runController(Object(App\Controllers\Home))
#6 C:\xampp\htdocs\ashokas\system\CodeIgniter.php(318): CodeIgniter\CodeIgniter->handleRequest(NULL, Object(Config\Cache), false)
#7 C:\xampp\htdocs\ashokas\index.php(37): CodeIgniter\CodeIgniter->run()
#8 {main}
