CRITICAL - 2022-01-17 17:58:44 --> You must set the database table to be used with your query.
#0 C:\xampp\htdocs\ashokas\system\Model.php(545): CodeIgniter\Database\BaseConnection->table(NULL)
#1 C:\xampp\htdocs\ashokas\system\Model.php(717): CodeIgniter\Model->builder()
#2 C:\xampp\htdocs\ashokas\app\Controllers\Food.php(138): CodeIgniter\Model->__call('getAllFoodOrder', Array)
#3 C:\xampp\htdocs\ashokas\system\CodeIgniter.php(824): App\Controllers\Food->orders()
#4 C:\xampp\htdocs\ashokas\system\CodeIgniter.php(410): CodeIgniter\CodeIgniter->runController(Object(App\Controllers\Food))
#5 C:\xampp\htdocs\ashokas\system\CodeIgniter.php(318): CodeIgniter\CodeIgniter->handleRequest(NULL, Object(Config\Cache), false)
#6 C:\xampp\htdocs\ashokas\index.php(37): CodeIgniter\CodeIgniter->run()
#7 {main}
CRITICAL - 2022-01-17 18:09:28 --> Invalid argument supplied for foreach()
#0 C:\xampp\htdocs\ashokas\app\Views\food\view.php(26): CodeIgniter\Debug\Exceptions->errorHandler(2, 'Invalid argumen...', 'C:\\xampp\\htdocs...', 26, Array)
#1 C:\xampp\htdocs\ashokas\system\View\View.php(214): include('C:\\xampp\\htdocs...')
#2 C:\xampp\htdocs\ashokas\system\View\View.php(217): CodeIgniter\View\View->CodeIgniter\View\{closure}()
#3 C:\xampp\htdocs\ashokas\system\Common.php(1097): CodeIgniter\View\View->render('food/view', Array, true)
#4 C:\xampp\htdocs\ashokas\app\Controllers\Food.php(143): view('food/view', Array)
#5 C:\xampp\htdocs\ashokas\system\CodeIgniter.php(824): App\Controllers\Food->orders()
#6 C:\xampp\htdocs\ashokas\system\CodeIgniter.php(410): CodeIgniter\CodeIgniter->runController(Object(App\Controllers\Food))
#7 C:\xampp\htdocs\ashokas\system\CodeIgniter.php(318): CodeIgniter\CodeIgniter->handleRequest(NULL, Object(Config\Cache), false)
#8 C:\xampp\htdocs\ashokas\index.php(37): CodeIgniter\CodeIgniter->run()
#9 {main}
CRITICAL - 2022-01-17 18:12:33 --> Invalid argument supplied for foreach()
#0 C:\xampp\htdocs\ashokas\app\Views\food\view.php(26): CodeIgniter\Debug\Exceptions->errorHandler(2, 'Invalid argumen...', 'C:\\xampp\\htdocs...', 26, Array)
#1 C:\xampp\htdocs\ashokas\system\View\View.php(214): include('C:\\xampp\\htdocs...')
#2 C:\xampp\htdocs\ashokas\system\View\View.php(217): CodeIgniter\View\View->CodeIgniter\View\{closure}()
#3 C:\xampp\htdocs\ashokas\system\Common.php(1097): CodeIgniter\View\View->render('food/view', Array, true)
#4 C:\xampp\htdocs\ashokas\app\Controllers\Food.php(143): view('food/view', Array)
#5 C:\xampp\htdocs\ashokas\system\CodeIgniter.php(824): App\Controllers\Food->orders()
#6 C:\xampp\htdocs\ashokas\system\CodeIgniter.php(410): CodeIgniter\CodeIgniter->runController(Object(App\Controllers\Food))
#7 C:\xampp\htdocs\ashokas\system\CodeIgniter.php(318): CodeIgniter\CodeIgniter->handleRequest(NULL, Object(Config\Cache), false)
#8 C:\xampp\htdocs\ashokas\index.php(37): CodeIgniter\CodeIgniter->run()
#9 {main}
CRITICAL - 2022-01-17 18:23:48 --> count(): Parameter must be an array or an object that implements Countable
#0 C:\xampp\htdocs\ashokas\app\Views\food\view.php(26): CodeIgniter\Debug\Exceptions->errorHandler(2, 'count(): Parame...', 'C:\\xampp\\htdocs...', 26, Array)
#1 C:\xampp\htdocs\ashokas\system\View\View.php(214): include('C:\\xampp\\htdocs...')
#2 C:\xampp\htdocs\ashokas\system\View\View.php(217): CodeIgniter\View\View->CodeIgniter\View\{closure}()
#3 C:\xampp\htdocs\ashokas\system\Common.php(1097): CodeIgniter\View\View->render('food/view', Array, true)
#4 C:\xampp\htdocs\ashokas\app\Controllers\Food.php(143): view('food/view', Array)
#5 C:\xampp\htdocs\ashokas\system\CodeIgniter.php(824): App\Controllers\Food->orders()
#6 C:\xampp\htdocs\ashokas\system\CodeIgniter.php(410): CodeIgniter\CodeIgniter->runController(Object(App\Controllers\Food))
#7 C:\xampp\htdocs\ashokas\system\CodeIgniter.php(318): CodeIgniter\CodeIgniter->handleRequest(NULL, Object(Config\Cache), false)
#8 C:\xampp\htdocs\ashokas\index.php(37): CodeIgniter\CodeIgniter->run()
#9 {main}
CRITICAL - 2022-01-17 18:24:10 --> count(): Parameter must be an array or an object that implements Countable
#0 C:\xampp\htdocs\ashokas\app\Views\food\view.php(26): CodeIgniter\Debug\Exceptions->errorHandler(2, 'count(): Parame...', 'C:\\xampp\\htdocs...', 26, Array)
#1 C:\xampp\htdocs\ashokas\system\View\View.php(214): include('C:\\xampp\\htdocs...')
#2 C:\xampp\htdocs\ashokas\system\View\View.php(217): CodeIgniter\View\View->CodeIgniter\View\{closure}()
#3 C:\xampp\htdocs\ashokas\system\Common.php(1097): CodeIgniter\View\View->render('food/view', Array, true)
#4 C:\xampp\htdocs\ashokas\app\Controllers\Food.php(143): view('food/view', Array)
#5 C:\xampp\htdocs\ashokas\system\CodeIgniter.php(824): App\Controllers\Food->orders()
#6 C:\xampp\htdocs\ashokas\system\CodeIgniter.php(410): CodeIgniter\CodeIgniter->runController(Object(App\Controllers\Food))
#7 C:\xampp\htdocs\ashokas\system\CodeIgniter.php(318): CodeIgniter\CodeIgniter->handleRequest(NULL, Object(Config\Cache), false)
#8 C:\xampp\htdocs\ashokas\index.php(37): CodeIgniter\CodeIgniter->run()
#9 {main}
CRITICAL - 2022-01-17 18:24:26 --> count(): Parameter must be an array or an object that implements Countable
#0 C:\xampp\htdocs\ashokas\app\Views\food\view.php(26): CodeIgniter\Debug\Exceptions->errorHandler(2, 'count(): Parame...', 'C:\\xampp\\htdocs...', 26, Array)
#1 C:\xampp\htdocs\ashokas\system\View\View.php(214): include('C:\\xampp\\htdocs...')
#2 C:\xampp\htdocs\ashokas\system\View\View.php(217): CodeIgniter\View\View->CodeIgniter\View\{closure}()
#3 C:\xampp\htdocs\ashokas\system\Common.php(1097): CodeIgniter\View\View->render('food/view', Array, true)
#4 C:\xampp\htdocs\ashokas\app\Controllers\Food.php(143): view('food/view', Array)
#5 C:\xampp\htdocs\ashokas\system\CodeIgniter.php(824): App\Controllers\Food->orders()
#6 C:\xampp\htdocs\ashokas\system\CodeIgniter.php(410): CodeIgniter\CodeIgniter->runController(Object(App\Controllers\Food))
#7 C:\xampp\htdocs\ashokas\system\CodeIgniter.php(318): CodeIgniter\CodeIgniter->handleRequest(NULL, Object(Config\Cache), false)
#8 C:\xampp\htdocs\ashokas\index.php(37): CodeIgniter\CodeIgniter->run()
#9 {main}
