CRITICAL - 2022-01-14 04:15:32 --> Undefined variable: page_name
#0 C:\xampp\htdocs\ashokas\app\Views\layouts\navigation.php(11): CodeIgniter\Debug\Exceptions->errorHandler(8, 'Undefined varia...', 'C:\\xampp\\htdocs...', 11, Array)
#1 C:\xampp\htdocs\ashokas\system\View\View.php(214): include('C:\\xampp\\htdocs...')
#2 C:\xampp\htdocs\ashokas\system\View\View.php(217): CodeIgniter\View\View->CodeIgniter\View\{closure}()
#3 C:\xampp\htdocs\ashokas\system\View\View.php(432): CodeIgniter\View\View->render('layouts/navigat...', NULL, true)
#4 C:\xampp\htdocs\ashokas\app\Views\rooms\index.php(4): CodeIgniter\View\View->include('layouts/navigat...')
#5 C:\xampp\htdocs\ashokas\system\View\View.php(214): include('C:\\xampp\\htdocs...')
#6 C:\xampp\htdocs\ashokas\system\View\View.php(217): CodeIgniter\View\View->CodeIgniter\View\{closure}()
#7 C:\xampp\htdocs\ashokas\system\Common.php(1097): CodeIgniter\View\View->render('rooms/index', Array, true)
#8 C:\xampp\htdocs\ashokas\app\Controllers\Home.php(131): view('rooms/index', Array)
#9 C:\xampp\htdocs\ashokas\system\CodeIgniter.php(824): App\Controllers\Home->rooms()
#10 C:\xampp\htdocs\ashokas\system\CodeIgniter.php(410): CodeIgniter\CodeIgniter->runController(Object(App\Controllers\Home))
#11 C:\xampp\htdocs\ashokas\system\CodeIgniter.php(318): CodeIgniter\CodeIgniter->handleRequest(NULL, Object(Config\Cache), false)
#12 C:\xampp\htdocs\ashokas\index.php(37): CodeIgniter\CodeIgniter->run()
#13 {main}
CRITICAL - 2022-01-14 04:20:31 --> Undefined variable: page_name
#0 C:\xampp\htdocs\ashokas\app\Views\layouts\navigation.php(11): CodeIgniter\Debug\Exceptions->errorHandler(8, 'Undefined varia...', 'C:\\xampp\\htdocs...', 11, Array)
#1 C:\xampp\htdocs\ashokas\system\View\View.php(214): include('C:\\xampp\\htdocs...')
#2 C:\xampp\htdocs\ashokas\system\View\View.php(217): CodeIgniter\View\View->CodeIgniter\View\{closure}()
#3 C:\xampp\htdocs\ashokas\system\View\View.php(432): CodeIgniter\View\View->render('layouts/navigat...', NULL, true)
#4 C:\xampp\htdocs\ashokas\app\Views\rooms\index.php(4): CodeIgniter\View\View->include('layouts/navigat...')
#5 C:\xampp\htdocs\ashokas\system\View\View.php(214): include('C:\\xampp\\htdocs...')
#6 C:\xampp\htdocs\ashokas\system\View\View.php(217): CodeIgniter\View\View->CodeIgniter\View\{closure}()
#7 C:\xampp\htdocs\ashokas\system\Common.php(1097): CodeIgniter\View\View->render('rooms/index', Array, true)
#8 C:\xampp\htdocs\ashokas\app\Controllers\Home.php(131): view('rooms/index', Array)
#9 C:\xampp\htdocs\ashokas\system\CodeIgniter.php(824): App\Controllers\Home->rooms()
#10 C:\xampp\htdocs\ashokas\system\CodeIgniter.php(410): CodeIgniter\CodeIgniter->runController(Object(App\Controllers\Home))
#11 C:\xampp\htdocs\ashokas\system\CodeIgniter.php(318): CodeIgniter\CodeIgniter->handleRequest(NULL, Object(Config\Cache), false)
#12 C:\xampp\htdocs\ashokas\index.php(37): CodeIgniter\CodeIgniter->run()
#13 {main}
CRITICAL - 2022-01-14 04:21:17 --> Undefined variable: page_name1
#0 C:\xampp\htdocs\ashokas\app\Views\layouts\navigation.php(44): CodeIgniter\Debug\Exceptions->errorHandler(8, 'Undefined varia...', 'C:\\xampp\\htdocs...', 44, Array)
#1 C:\xampp\htdocs\ashokas\system\View\View.php(214): include('C:\\xampp\\htdocs...')
#2 C:\xampp\htdocs\ashokas\system\View\View.php(217): CodeIgniter\View\View->CodeIgniter\View\{closure}()
#3 C:\xampp\htdocs\ashokas\system\View\View.php(432): CodeIgniter\View\View->render('layouts/navigat...', NULL, true)
#4 C:\xampp\htdocs\ashokas\app\Views\dashboard.php(4): CodeIgniter\View\View->include('layouts/navigat...')
#5 C:\xampp\htdocs\ashokas\system\View\View.php(214): include('C:\\xampp\\htdocs...')
#6 C:\xampp\htdocs\ashokas\system\View\View.php(217): CodeIgniter\View\View->CodeIgniter\View\{closure}()
#7 C:\xampp\htdocs\ashokas\system\Common.php(1097): CodeIgniter\View\View->render('dashboard', Array, true)
#8 C:\xampp\htdocs\ashokas\app\Controllers\Home.php(34): view('dashboard', Array)
#9 C:\xampp\htdocs\ashokas\system\CodeIgniter.php(824): App\Controllers\Home->dashboard()
#10 C:\xampp\htdocs\ashokas\system\CodeIgniter.php(410): CodeIgniter\CodeIgniter->runController(Object(App\Controllers\Home))
#11 C:\xampp\htdocs\ashokas\system\CodeIgniter.php(318): CodeIgniter\CodeIgniter->handleRequest(NULL, Object(Config\Cache), false)
#12 C:\xampp\htdocs\ashokas\index.php(37): CodeIgniter\CodeIgniter->run()
#13 {main}
CRITICAL - 2022-01-14 04:21:19 --> Undefined variable: page_name1
#0 C:\xampp\htdocs\ashokas\app\Views\layouts\navigation.php(44): CodeIgniter\Debug\Exceptions->errorHandler(8, 'Undefined varia...', 'C:\\xampp\\htdocs...', 44, Array)
#1 C:\xampp\htdocs\ashokas\system\View\View.php(214): include('C:\\xampp\\htdocs...')
#2 C:\xampp\htdocs\ashokas\system\View\View.php(217): CodeIgniter\View\View->CodeIgniter\View\{closure}()
#3 C:\xampp\htdocs\ashokas\system\View\View.php(432): CodeIgniter\View\View->render('layouts/navigat...', NULL, true)
#4 C:\xampp\htdocs\ashokas\app\Views\dashboard.php(4): CodeIgniter\View\View->include('layouts/navigat...')
#5 C:\xampp\htdocs\ashokas\system\View\View.php(214): include('C:\\xampp\\htdocs...')
#6 C:\xampp\htdocs\ashokas\system\View\View.php(217): CodeIgniter\View\View->CodeIgniter\View\{closure}()
#7 C:\xampp\htdocs\ashokas\system\Common.php(1097): CodeIgniter\View\View->render('dashboard', Array, true)
#8 C:\xampp\htdocs\ashokas\app\Controllers\Home.php(34): view('dashboard', Array)
#9 C:\xampp\htdocs\ashokas\system\CodeIgniter.php(824): App\Controllers\Home->dashboard()
#10 C:\xampp\htdocs\ashokas\system\CodeIgniter.php(410): CodeIgniter\CodeIgniter->runController(Object(App\Controllers\Home))
#11 C:\xampp\htdocs\ashokas\system\CodeIgniter.php(318): CodeIgniter\CodeIgniter->handleRequest(NULL, Object(Config\Cache), false)
#12 C:\xampp\htdocs\ashokas\index.php(37): CodeIgniter\CodeIgniter->run()
#13 {main}
CRITICAL - 2022-01-14 04:22:35 --> Undefined variable: page_name1
#0 C:\xampp\htdocs\ashokas\app\Views\rooms\index.php(18): CodeIgniter\Debug\Exceptions->errorHandler(8, 'Undefined varia...', 'C:\\xampp\\htdocs...', 18, Array)
#1 C:\xampp\htdocs\ashokas\system\View\View.php(214): include('C:\\xampp\\htdocs...')
#2 C:\xampp\htdocs\ashokas\system\View\View.php(217): CodeIgniter\View\View->CodeIgniter\View\{closure}()
#3 C:\xampp\htdocs\ashokas\system\Common.php(1097): CodeIgniter\View\View->render('rooms/index', Array, true)
#4 C:\xampp\htdocs\ashokas\app\Controllers\Home.php(130): view('rooms/index', Array)
#5 C:\xampp\htdocs\ashokas\system\CodeIgniter.php(824): App\Controllers\Home->rooms()
#6 C:\xampp\htdocs\ashokas\system\CodeIgniter.php(410): CodeIgniter\CodeIgniter->runController(Object(App\Controllers\Home))
#7 C:\xampp\htdocs\ashokas\system\CodeIgniter.php(318): CodeIgniter\CodeIgniter->handleRequest(NULL, Object(Config\Cache), false)
#8 C:\xampp\htdocs\ashokas\index.php(37): CodeIgniter\CodeIgniter->run()
#9 {main}
CRITICAL - 2022-01-14 04:22:51 --> Undefined variable: page_name1
#0 C:\xampp\htdocs\ashokas\app\Views\rooms\index.php(18): CodeIgniter\Debug\Exceptions->errorHandler(8, 'Undefined varia...', 'C:\\xampp\\htdocs...', 18, Array)
#1 C:\xampp\htdocs\ashokas\system\View\View.php(214): include('C:\\xampp\\htdocs...')
#2 C:\xampp\htdocs\ashokas\system\View\View.php(217): CodeIgniter\View\View->CodeIgniter\View\{closure}()
#3 C:\xampp\htdocs\ashokas\system\Common.php(1097): CodeIgniter\View\View->render('rooms/index', Array, true)
#4 C:\xampp\htdocs\ashokas\app\Controllers\Home.php(130): view('rooms/index', Array)
#5 C:\xampp\htdocs\ashokas\system\CodeIgniter.php(824): App\Controllers\Home->rooms()
#6 C:\xampp\htdocs\ashokas\system\CodeIgniter.php(410): CodeIgniter\CodeIgniter->runController(Object(App\Controllers\Home))
#7 C:\xampp\htdocs\ashokas\system\CodeIgniter.php(318): CodeIgniter\CodeIgniter->handleRequest(NULL, Object(Config\Cache), false)
#8 C:\xampp\htdocs\ashokas\index.php(37): CodeIgniter\CodeIgniter->run()
#9 {main}
CRITICAL - 2022-01-14 04:23:29 --> Call to undefined function form_open()
#0 C:\xampp\htdocs\ashokas\system\View\View.php(214): include()
#1 C:\xampp\htdocs\ashokas\system\View\View.php(217): CodeIgniter\View\View->CodeIgniter\View\{closure}()
#2 C:\xampp\htdocs\ashokas\system\View\View.php(432): CodeIgniter\View\View->render('modals/add_room', NULL, true)
#3 C:\xampp\htdocs\ashokas\app\Views\rooms\index.php(99): CodeIgniter\View\View->include('modals/add_room')
#4 C:\xampp\htdocs\ashokas\system\View\View.php(214): include('C:\\xampp\\htdocs...')
#5 C:\xampp\htdocs\ashokas\system\View\View.php(217): CodeIgniter\View\View->CodeIgniter\View\{closure}()
#6 C:\xampp\htdocs\ashokas\system\Common.php(1097): CodeIgniter\View\View->render('rooms/index', Array, true)
#7 C:\xampp\htdocs\ashokas\app\Controllers\Home.php(130): view('rooms/index', Array)
#8 C:\xampp\htdocs\ashokas\system\CodeIgniter.php(824): App\Controllers\Home->rooms()
#9 C:\xampp\htdocs\ashokas\system\CodeIgniter.php(410): CodeIgniter\CodeIgniter->runController(Object(App\Controllers\Home))
#10 C:\xampp\htdocs\ashokas\system\CodeIgniter.php(318): CodeIgniter\CodeIgniter->handleRequest(NULL, Object(Config\Cache), false)
#11 C:\xampp\htdocs\ashokas\index.php(37): CodeIgniter\CodeIgniter->run()
#12 {main}
CRITICAL - 2022-01-14 04:25:55 --> syntax error, unexpected '?>'
#0 C:\xampp\htdocs\ashokas\system\View\View.php(217): CodeIgniter\View\View->CodeIgniter\View\{closure}()
#1 C:\xampp\htdocs\ashokas\system\View\View.php(432): CodeIgniter\View\View->render('modals/add_room', NULL, true)
#2 C:\xampp\htdocs\ashokas\app\Views\rooms\index.php(99): CodeIgniter\View\View->include('modals/add_room')
#3 C:\xampp\htdocs\ashokas\system\View\View.php(214): include('C:\\xampp\\htdocs...')
#4 C:\xampp\htdocs\ashokas\system\View\View.php(217): CodeIgniter\View\View->CodeIgniter\View\{closure}()
#5 C:\xampp\htdocs\ashokas\system\Common.php(1097): CodeIgniter\View\View->render('rooms/index', Array, true)
#6 C:\xampp\htdocs\ashokas\app\Controllers\Home.php(130): view('rooms/index', Array)
#7 C:\xampp\htdocs\ashokas\system\CodeIgniter.php(824): App\Controllers\Home->rooms()
#8 C:\xampp\htdocs\ashokas\system\CodeIgniter.php(410): CodeIgniter\CodeIgniter->runController(Object(App\Controllers\Home))
#9 C:\xampp\htdocs\ashokas\system\CodeIgniter.php(318): CodeIgniter\CodeIgniter->handleRequest(NULL, Object(Config\Cache), false)
#10 C:\xampp\htdocs\ashokas\index.php(37): CodeIgniter\CodeIgniter->run()
#11 {main}
CRITICAL - 2022-01-14 04:26:22 --> Call to undefined function form_open()
#0 C:\xampp\htdocs\ashokas\system\View\View.php(214): include()
#1 C:\xampp\htdocs\ashokas\system\View\View.php(217): CodeIgniter\View\View->CodeIgniter\View\{closure}()
#2 C:\xampp\htdocs\ashokas\system\View\View.php(432): CodeIgniter\View\View->render('modals/add_room', NULL, true)
#3 C:\xampp\htdocs\ashokas\app\Views\rooms\index.php(99): CodeIgniter\View\View->include('modals/add_room')
#4 C:\xampp\htdocs\ashokas\system\View\View.php(214): include('C:\\xampp\\htdocs...')
#5 C:\xampp\htdocs\ashokas\system\View\View.php(217): CodeIgniter\View\View->CodeIgniter\View\{closure}()
#6 C:\xampp\htdocs\ashokas\system\Common.php(1097): CodeIgniter\View\View->render('rooms/index', Array, true)
#7 C:\xampp\htdocs\ashokas\app\Controllers\Home.php(130): view('rooms/index', Array)
#8 C:\xampp\htdocs\ashokas\system\CodeIgniter.php(824): App\Controllers\Home->rooms()
#9 C:\xampp\htdocs\ashokas\system\CodeIgniter.php(410): CodeIgniter\CodeIgniter->runController(Object(App\Controllers\Home))
#10 C:\xampp\htdocs\ashokas\system\CodeIgniter.php(318): CodeIgniter\CodeIgniter->handleRequest(NULL, Object(Config\Cache), false)
#11 C:\xampp\htdocs\ashokas\index.php(37): CodeIgniter\CodeIgniter->run()
#12 {main}
CRITICAL - 2022-01-14 04:48:26 --> Invalid file: rooms/.php
#0 C:\xampp\htdocs\ashokas\system\View\View.php(198): CodeIgniter\Exceptions\FrameworkException::forInvalidFile('rooms/.php')
#1 C:\xampp\htdocs\ashokas\system\Common.php(1097): CodeIgniter\View\View->render('rooms/', Array, true)
#2 C:\xampp\htdocs\ashokas\app\Controllers\Room.php(71): view('rooms/', Array)
#3 C:\xampp\htdocs\ashokas\system\CodeIgniter.php(824): App\Controllers\Room->view()
#4 C:\xampp\htdocs\ashokas\system\CodeIgniter.php(410): CodeIgniter\CodeIgniter->runController(Object(App\Controllers\Room))
#5 C:\xampp\htdocs\ashokas\system\CodeIgniter.php(318): CodeIgniter\CodeIgniter->handleRequest(NULL, Object(Config\Cache), false)
#6 C:\xampp\htdocs\ashokas\index.php(37): CodeIgniter\CodeIgniter->run()
#7 {main}
CRITICAL - 2022-01-14 05:09:44 --> Undefined variable: validation
#0 C:\xampp\htdocs\ashokas\app\Views\modals\add_room_type.php(14): CodeIgniter\Debug\Exceptions->errorHandler(8, 'Undefined varia...', 'C:\\xampp\\htdocs...', 14, Array)
#1 C:\xampp\htdocs\ashokas\system\View\View.php(214): include('C:\\xampp\\htdocs...')
#2 C:\xampp\htdocs\ashokas\system\View\View.php(217): CodeIgniter\View\View->CodeIgniter\View\{closure}()
#3 C:\xampp\htdocs\ashokas\system\View\View.php(432): CodeIgniter\View\View->render('modals/add_room...', NULL, true)
#4 C:\xampp\htdocs\ashokas\app\Views\rooms\index.php(22): CodeIgniter\View\View->include('modals/add_room...')
#5 C:\xampp\htdocs\ashokas\system\View\View.php(214): include('C:\\xampp\\htdocs...')
#6 C:\xampp\htdocs\ashokas\system\View\View.php(217): CodeIgniter\View\View->CodeIgniter\View\{closure}()
#7 C:\xampp\htdocs\ashokas\system\Common.php(1097): CodeIgniter\View\View->render('rooms/index', Array, true)
#8 C:\xampp\htdocs\ashokas\app\Controllers\Room.php(71): view('rooms/index', Array)
#9 C:\xampp\htdocs\ashokas\system\CodeIgniter.php(824): App\Controllers\Room->view()
#10 C:\xampp\htdocs\ashokas\system\CodeIgniter.php(410): CodeIgniter\CodeIgniter->runController(Object(App\Controllers\Room))
#11 C:\xampp\htdocs\ashokas\system\CodeIgniter.php(318): CodeIgniter\CodeIgniter->handleRequest(NULL, Object(Config\Cache), false)
#12 C:\xampp\htdocs\ashokas\index.php(37): CodeIgniter\CodeIgniter->run()
#13 {main}
CRITICAL - 2022-01-14 05:09:50 --> Undefined variable: validation
#0 C:\xampp\htdocs\ashokas\app\Views\modals\add_room_type.php(14): CodeIgniter\Debug\Exceptions->errorHandler(8, 'Undefined varia...', 'C:\\xampp\\htdocs...', 14, Array)
#1 C:\xampp\htdocs\ashokas\system\View\View.php(214): include('C:\\xampp\\htdocs...')
#2 C:\xampp\htdocs\ashokas\system\View\View.php(217): CodeIgniter\View\View->CodeIgniter\View\{closure}()
#3 C:\xampp\htdocs\ashokas\system\View\View.php(432): CodeIgniter\View\View->render('modals/add_room...', NULL, true)
#4 C:\xampp\htdocs\ashokas\app\Views\rooms\index.php(22): CodeIgniter\View\View->include('modals/add_room...')
#5 C:\xampp\htdocs\ashokas\system\View\View.php(214): include('C:\\xampp\\htdocs...')
#6 C:\xampp\htdocs\ashokas\system\View\View.php(217): CodeIgniter\View\View->CodeIgniter\View\{closure}()
#7 C:\xampp\htdocs\ashokas\system\Common.php(1097): CodeIgniter\View\View->render('rooms/index', Array, true)
#8 C:\xampp\htdocs\ashokas\app\Controllers\Room.php(71): view('rooms/index', Array)
#9 C:\xampp\htdocs\ashokas\system\CodeIgniter.php(824): App\Controllers\Room->view()
#10 C:\xampp\htdocs\ashokas\system\CodeIgniter.php(410): CodeIgniter\CodeIgniter->runController(Object(App\Controllers\Room))
#11 C:\xampp\htdocs\ashokas\system\CodeIgniter.php(318): CodeIgniter\CodeIgniter->handleRequest(NULL, Object(Config\Cache), false)
#12 C:\xampp\htdocs\ashokas\index.php(37): CodeIgniter\CodeIgniter->run()
#13 {main}
CRITICAL - 2022-01-14 05:19:48 --> Too few arguments to function App\Controllers\Room::view(), 0 passed in C:\xampp\htdocs\ashokas\system\CodeIgniter.php on line 824 and exactly 1 expected
#0 C:\xampp\htdocs\ashokas\system\CodeIgniter.php(824): App\Controllers\Room->view()
#1 C:\xampp\htdocs\ashokas\system\CodeIgniter.php(410): CodeIgniter\CodeIgniter->runController(Object(App\Controllers\Room))
#2 C:\xampp\htdocs\ashokas\system\CodeIgniter.php(318): CodeIgniter\CodeIgniter->handleRequest(NULL, Object(Config\Cache), false)
#3 C:\xampp\htdocs\ashokas\index.php(37): CodeIgniter\CodeIgniter->run()
#4 {main}
CRITICAL - 2022-01-14 05:21:12 --> syntax error, unexpected '==' (T_IS_EQUAL), expecting ')'
#0 C:\xampp\htdocs\ashokas\system\Autoloader\Autoloader.php(241): CodeIgniter\Autoloader\Autoloader->includeFile('C:\\xampp\\htdocs...')
#1 C:\xampp\htdocs\ashokas\system\Autoloader\Autoloader.php(219): CodeIgniter\Autoloader\Autoloader->loadInNamespace('App\\Controllers...')
#2 [internal function]: CodeIgniter\Autoloader\Autoloader->loadClass('App\\Controllers...')
#3 [internal function]: spl_autoload_call('App\\Controllers...')
#4 C:\xampp\htdocs\ashokas\system\CodeIgniter.php(789): class_exists('\\App\\Controller...', true)
#5 C:\xampp\htdocs\ashokas\system\CodeIgniter.php(397): CodeIgniter\CodeIgniter->startController()
#6 C:\xampp\htdocs\ashokas\system\CodeIgniter.php(318): CodeIgniter\CodeIgniter->handleRequest(NULL, Object(Config\Cache), false)
#7 C:\xampp\htdocs\ashokas\index.php(37): CodeIgniter\CodeIgniter->run()
#8 {main}
CRITICAL - 2022-01-14 05:34:57 --> Undefined variable: page_name
#0 C:\xampp\htdocs\ashokas\app\Views\layouts\navigation.php(11): CodeIgniter\Debug\Exceptions->errorHandler(8, 'Undefined varia...', 'C:\\xampp\\htdocs...', 11, Array)
#1 C:\xampp\htdocs\ashokas\system\View\View.php(214): include('C:\\xampp\\htdocs...')
#2 C:\xampp\htdocs\ashokas\system\View\View.php(217): CodeIgniter\View\View->CodeIgniter\View\{closure}()
#3 C:\xampp\htdocs\ashokas\system\View\View.php(432): CodeIgniter\View\View->render('layouts/navigat...', NULL, true)
#4 C:\xampp\htdocs\ashokas\app\Views\rooms\index.php(4): CodeIgniter\View\View->include('layouts/navigat...')
#5 C:\xampp\htdocs\ashokas\system\View\View.php(214): include('C:\\xampp\\htdocs...')
#6 C:\xampp\htdocs\ashokas\system\View\View.php(217): CodeIgniter\View\View->CodeIgniter\View\{closure}()
#7 C:\xampp\htdocs\ashokas\system\Common.php(1097): CodeIgniter\View\View->render('rooms/index', Array, true)
#8 C:\xampp\htdocs\ashokas\app\Controllers\Room.php(104): view('rooms/index', Array)
#9 C:\xampp\htdocs\ashokas\system\CodeIgniter.php(824): App\Controllers\Room->createRoomType()
#10 C:\xampp\htdocs\ashokas\system\CodeIgniter.php(410): CodeIgniter\CodeIgniter->runController(Object(App\Controllers\Room))
#11 C:\xampp\htdocs\ashokas\system\CodeIgniter.php(318): CodeIgniter\CodeIgniter->handleRequest(NULL, Object(Config\Cache), false)
#12 C:\xampp\htdocs\ashokas\index.php(37): CodeIgniter\CodeIgniter->run()
#13 {main}
CRITICAL - 2022-01-14 05:37:46 --> You must set the database table to be used with your query.
#0 C:\xampp\htdocs\ashokas\system\Model.php(545): CodeIgniter\Database\BaseConnection->table(NULL)
#1 C:\xampp\htdocs\ashokas\system\Model.php(717): CodeIgniter\Model->builder()
#2 C:\xampp\htdocs\ashokas\app\Controllers\Room.php(48): CodeIgniter\Model->__call('create', Array)
#3 C:\xampp\htdocs\ashokas\system\CodeIgniter.php(824): App\Controllers\Room->view('createRoomType')
#4 C:\xampp\htdocs\ashokas\system\CodeIgniter.php(410): CodeIgniter\CodeIgniter->runController(Object(App\Controllers\Room))
#5 C:\xampp\htdocs\ashokas\system\CodeIgniter.php(318): CodeIgniter\CodeIgniter->handleRequest(NULL, Object(Config\Cache), false)
#6 C:\xampp\htdocs\ashokas\index.php(37): CodeIgniter\CodeIgniter->run()
#7 {main}
CRITICAL - 2022-01-14 05:45:58 --> You must set the database table to be used with your query.
#0 C:\xampp\htdocs\ashokas\system\Model.php(545): CodeIgniter\Database\BaseConnection->table(NULL)
#1 C:\xampp\htdocs\ashokas\system\Model.php(717): CodeIgniter\Model->builder()
#2 C:\xampp\htdocs\ashokas\app\Controllers\Room.php(28): CodeIgniter\Model->__call('getAllRoomType', Array)
#3 C:\xampp\htdocs\ashokas\system\CodeIgniter.php(824): App\Controllers\Room->view()
#4 C:\xampp\htdocs\ashokas\system\CodeIgniter.php(410): CodeIgniter\CodeIgniter->runController(Object(App\Controllers\Room))
#5 C:\xampp\htdocs\ashokas\system\CodeIgniter.php(318): CodeIgniter\CodeIgniter->handleRequest(NULL, Object(Config\Cache), false)
#6 C:\xampp\htdocs\ashokas\index.php(37): CodeIgniter\CodeIgniter->run()
#7 {main}
ERROR - 2022-01-14 06:01:18 --> Unknown column 'coffee_maker' in 'field list'
CRITICAL - 2022-01-14 06:01:18 --> Unknown column 'coffee_maker' in 'field list'
#0 C:\xampp\htdocs\ashokas\system\Database\MySQLi\Connection.php(292): mysqli->query('INSERT INTO `ro...', 0)
#1 C:\xampp\htdocs\ashokas\system\Database\BaseConnection.php(670): CodeIgniter\Database\MySQLi\Connection->execute('INSERT INTO `ro...')
#2 C:\xampp\htdocs\ashokas\system\Database\BaseConnection.php(598): CodeIgniter\Database\BaseConnection->simpleQuery('INSERT INTO `ro...')
#3 C:\xampp\htdocs\ashokas\system\Database\BaseBuilder.php(1759): CodeIgniter\Database\BaseConnection->query('INSERT INTO `ro...', Array, false)
#4 C:\xampp\htdocs\ashokas\app\Models\RoomModel.php(9): CodeIgniter\Database\BaseBuilder->insert(Array)
#5 C:\xampp\htdocs\ashokas\app\Controllers\Room.php(55): App\Models\RoomModel->create(Array)
#6 C:\xampp\htdocs\ashokas\system\CodeIgniter.php(824): App\Controllers\Room->view('createRoomType')
#7 C:\xampp\htdocs\ashokas\system\CodeIgniter.php(410): CodeIgniter\CodeIgniter->runController(Object(App\Controllers\Room))
#8 C:\xampp\htdocs\ashokas\system\CodeIgniter.php(318): CodeIgniter\CodeIgniter->handleRequest(NULL, Object(Config\Cache), false)
#9 C:\xampp\htdocs\ashokas\index.php(37): CodeIgniter\CodeIgniter->run()
#10 {main}
ERROR - 2022-01-14 06:02:28 --> Column 'newspaper' cannot be null
CRITICAL - 2022-01-14 06:02:28 --> Column 'newspaper' cannot be null
#0 C:\xampp\htdocs\ashokas\system\Database\MySQLi\Connection.php(292): mysqli->query('INSERT INTO `ro...', 0)
#1 C:\xampp\htdocs\ashokas\system\Database\BaseConnection.php(670): CodeIgniter\Database\MySQLi\Connection->execute('INSERT INTO `ro...')
#2 C:\xampp\htdocs\ashokas\system\Database\BaseConnection.php(598): CodeIgniter\Database\BaseConnection->simpleQuery('INSERT INTO `ro...')
#3 C:\xampp\htdocs\ashokas\system\Database\BaseBuilder.php(1759): CodeIgniter\Database\BaseConnection->query('INSERT INTO `ro...', Array, false)
#4 C:\xampp\htdocs\ashokas\app\Models\RoomModel.php(9): CodeIgniter\Database\BaseBuilder->insert(Array)
#5 C:\xampp\htdocs\ashokas\app\Controllers\Room.php(55): App\Models\RoomModel->create(Array)
#6 C:\xampp\htdocs\ashokas\system\CodeIgniter.php(824): App\Controllers\Room->view('createRoomType')
#7 C:\xampp\htdocs\ashokas\system\CodeIgniter.php(410): CodeIgniter\CodeIgniter->runController(Object(App\Controllers\Room))
#8 C:\xampp\htdocs\ashokas\system\CodeIgniter.php(318): CodeIgniter\CodeIgniter->handleRequest(NULL, Object(Config\Cache), false)
#9 C:\xampp\htdocs\ashokas\index.php(37): CodeIgniter\CodeIgniter->run()
#10 {main}
ERROR - 2022-01-14 06:03:41 --> Column 'newspaper' cannot be null
CRITICAL - 2022-01-14 06:03:41 --> Column 'newspaper' cannot be null
#0 C:\xampp\htdocs\ashokas\system\Database\MySQLi\Connection.php(292): mysqli->query('INSERT INTO `ro...', 0)
#1 C:\xampp\htdocs\ashokas\system\Database\BaseConnection.php(670): CodeIgniter\Database\MySQLi\Connection->execute('INSERT INTO `ro...')
#2 C:\xampp\htdocs\ashokas\system\Database\BaseConnection.php(598): CodeIgniter\Database\BaseConnection->simpleQuery('INSERT INTO `ro...')
#3 C:\xampp\htdocs\ashokas\system\Database\BaseBuilder.php(1759): CodeIgniter\Database\BaseConnection->query('INSERT INTO `ro...', Array, false)
#4 C:\xampp\htdocs\ashokas\app\Models\RoomModel.php(9): CodeIgniter\Database\BaseBuilder->insert(Array)
#5 C:\xampp\htdocs\ashokas\app\Controllers\Room.php(55): App\Models\RoomModel->create(Array)
#6 C:\xampp\htdocs\ashokas\system\CodeIgniter.php(824): App\Controllers\Room->view('createRoomType')
#7 C:\xampp\htdocs\ashokas\system\CodeIgniter.php(410): CodeIgniter\CodeIgniter->runController(Object(App\Controllers\Room))
#8 C:\xampp\htdocs\ashokas\system\CodeIgniter.php(318): CodeIgniter\CodeIgniter->handleRequest(NULL, Object(Config\Cache), false)
#9 C:\xampp\htdocs\ashokas\index.php(37): CodeIgniter\CodeIgniter->run()
#10 {main}
ERROR - 2022-01-14 06:05:07 --> Column 'coffee_maker' cannot be null
CRITICAL - 2022-01-14 06:05:07 --> Column 'coffee_maker' cannot be null
#0 C:\xampp\htdocs\ashokas\system\Database\MySQLi\Connection.php(292): mysqli->query('INSERT INTO `ro...', 0)
#1 C:\xampp\htdocs\ashokas\system\Database\BaseConnection.php(670): CodeIgniter\Database\MySQLi\Connection->execute('INSERT INTO `ro...')
#2 C:\xampp\htdocs\ashokas\system\Database\BaseConnection.php(598): CodeIgniter\Database\BaseConnection->simpleQuery('INSERT INTO `ro...')
#3 C:\xampp\htdocs\ashokas\system\Database\BaseBuilder.php(1759): CodeIgniter\Database\BaseConnection->query('INSERT INTO `ro...', Array, false)
#4 C:\xampp\htdocs\ashokas\app\Models\RoomModel.php(9): CodeIgniter\Database\BaseBuilder->insert(Array)
#5 C:\xampp\htdocs\ashokas\app\Controllers\Room.php(55): App\Models\RoomModel->create(Array)
#6 C:\xampp\htdocs\ashokas\system\CodeIgniter.php(824): App\Controllers\Room->view('createRoomType')
#7 C:\xampp\htdocs\ashokas\system\CodeIgniter.php(410): CodeIgniter\CodeIgniter->runController(Object(App\Controllers\Room))
#8 C:\xampp\htdocs\ashokas\system\CodeIgniter.php(318): CodeIgniter\CodeIgniter->handleRequest(NULL, Object(Config\Cache), false)
#9 C:\xampp\htdocs\ashokas\index.php(37): CodeIgniter\CodeIgniter->run()
#10 {main}
ERROR - 2022-01-14 11:53:43 --> Column 'breakfast' cannot be null
CRITICAL - 2022-01-14 11:53:43 --> Column 'breakfast' cannot be null
#0 C:\xampp\htdocs\ashokas\system\Database\MySQLi\Connection.php(292): mysqli->query('INSERT INTO `ro...', 0)
#1 C:\xampp\htdocs\ashokas\system\Database\BaseConnection.php(670): CodeIgniter\Database\MySQLi\Connection->execute('INSERT INTO `ro...')
#2 C:\xampp\htdocs\ashokas\system\Database\BaseConnection.php(598): CodeIgniter\Database\BaseConnection->simpleQuery('INSERT INTO `ro...')
#3 C:\xampp\htdocs\ashokas\system\Database\BaseBuilder.php(1759): CodeIgniter\Database\BaseConnection->query('INSERT INTO `ro...', Array, false)
#4 C:\xampp\htdocs\ashokas\app\Models\RoomModel.php(9): CodeIgniter\Database\BaseBuilder->insert(Array)
#5 C:\xampp\htdocs\ashokas\app\Controllers\Room.php(55): App\Models\RoomModel->create(Array)
#6 C:\xampp\htdocs\ashokas\system\CodeIgniter.php(824): App\Controllers\Room->view('createRoomType')
#7 C:\xampp\htdocs\ashokas\system\CodeIgniter.php(410): CodeIgniter\CodeIgniter->runController(Object(App\Controllers\Room))
#8 C:\xampp\htdocs\ashokas\system\CodeIgniter.php(318): CodeIgniter\CodeIgniter->handleRequest(NULL, Object(Config\Cache), false)
#9 C:\xampp\htdocs\ashokas\index.php(37): CodeIgniter\CodeIgniter->run()
#10 {main}
CRITICAL - 2022-01-14 12:35:54 --> syntax error, unexpected end of file, expecting function (T_FUNCTION) or const (T_CONST)
#0 C:\xampp\htdocs\ashokas\system\Autoloader\Autoloader.php(241): CodeIgniter\Autoloader\Autoloader->includeFile('C:\\xampp\\htdocs...')
#1 C:\xampp\htdocs\ashokas\system\Autoloader\Autoloader.php(219): CodeIgniter\Autoloader\Autoloader->loadInNamespace('App\\Controllers...')
#2 [internal function]: CodeIgniter\Autoloader\Autoloader->loadClass('App\\Controllers...')
#3 [internal function]: spl_autoload_call('App\\Controllers...')
#4 C:\xampp\htdocs\ashokas\system\CodeIgniter.php(789): class_exists('\\App\\Controller...', true)
#5 C:\xampp\htdocs\ashokas\system\CodeIgniter.php(397): CodeIgniter\CodeIgniter->startController()
#6 C:\xampp\htdocs\ashokas\system\CodeIgniter.php(318): CodeIgniter\CodeIgniter->handleRequest(NULL, Object(Config\Cache), false)
#7 C:\xampp\htdocs\ashokas\index.php(37): CodeIgniter\CodeIgniter->run()
#8 {main}
CRITICAL - 2022-01-14 12:36:30 --> Call to undefined function setvalue()
#0 C:\xampp\htdocs\ashokas\system\View\View.php(214): include()
#1 C:\xampp\htdocs\ashokas\system\View\View.php(217): CodeIgniter\View\View->CodeIgniter\View\{closure}()
#2 C:\xampp\htdocs\ashokas\system\View\View.php(432): CodeIgniter\View\View->render('modals/add_room', NULL, true)
#3 C:\xampp\htdocs\ashokas\app\Views\rooms\index.php(79): CodeIgniter\View\View->include('modals/add_room')
#4 C:\xampp\htdocs\ashokas\system\View\View.php(214): include('C:\\xampp\\htdocs...')
#5 C:\xampp\htdocs\ashokas\system\View\View.php(217): CodeIgniter\View\View->CodeIgniter\View\{closure}()
#6 C:\xampp\htdocs\ashokas\system\Common.php(1097): CodeIgniter\View\View->render('rooms/index', Array, true)
#7 C:\xampp\htdocs\ashokas\app\Controllers\Room.php(104): view('rooms/index', Array)
#8 C:\xampp\htdocs\ashokas\system\CodeIgniter.php(824): App\Controllers\Room->view()
#9 C:\xampp\htdocs\ashokas\system\CodeIgniter.php(410): CodeIgniter\CodeIgniter->runController(Object(App\Controllers\Room))
#10 C:\xampp\htdocs\ashokas\system\CodeIgniter.php(318): CodeIgniter\CodeIgniter->handleRequest(NULL, Object(Config\Cache), false)
#11 C:\xampp\htdocs\ashokas\index.php(37): CodeIgniter\CodeIgniter->run()
#12 {main}
ERROR - 2022-01-14 12:48:35 --> Unknown column 'room_type' in 'field list'
CRITICAL - 2022-01-14 12:48:35 --> Unknown column 'room_type' in 'field list'
#0 C:\xampp\htdocs\ashokas\system\Database\MySQLi\Connection.php(292): mysqli->query('INSERT INTO `ro...', 0)
#1 C:\xampp\htdocs\ashokas\system\Database\BaseConnection.php(670): CodeIgniter\Database\MySQLi\Connection->execute('INSERT INTO `ro...')
#2 C:\xampp\htdocs\ashokas\system\Database\BaseConnection.php(598): CodeIgniter\Database\BaseConnection->simpleQuery('INSERT INTO `ro...')
#3 C:\xampp\htdocs\ashokas\system\Database\BaseBuilder.php(1759): CodeIgniter\Database\BaseConnection->query('INSERT INTO `ro...', Array, false)
#4 C:\xampp\htdocs\ashokas\app\Models\RoomModel.php(19): CodeIgniter\Database\BaseBuilder->insert(Array)
#5 C:\xampp\htdocs\ashokas\app\Controllers\Room.php(90): App\Models\RoomModel->createRoom(Array)
#6 C:\xampp\htdocs\ashokas\system\CodeIgniter.php(824): App\Controllers\Room->view('createRoom')
#7 C:\xampp\htdocs\ashokas\system\CodeIgniter.php(410): CodeIgniter\CodeIgniter->runController(Object(App\Controllers\Room))
#8 C:\xampp\htdocs\ashokas\system\CodeIgniter.php(318): CodeIgniter\CodeIgniter->handleRequest(NULL, Object(Config\Cache), false)
#9 C:\xampp\htdocs\ashokas\index.php(37): CodeIgniter\CodeIgniter->run()
#10 {main}
CRITICAL - 2022-01-14 12:59:35 --> Undefined index: room_no
#0 C:\xampp\htdocs\ashokas\app\Views\rooms\index.php(98): CodeIgniter\Debug\Exceptions->errorHandler(8, 'Undefined index...', 'C:\\xampp\\htdocs...', 98, Array)
#1 C:\xampp\htdocs\ashokas\system\View\View.php(214): include('C:\\xampp\\htdocs...')
#2 C:\xampp\htdocs\ashokas\system\View\View.php(217): CodeIgniter\View\View->CodeIgniter\View\{closure}()
#3 C:\xampp\htdocs\ashokas\system\Common.php(1097): CodeIgniter\View\View->render('rooms/index', Array, true)
#4 C:\xampp\htdocs\ashokas\app\Controllers\Room.php(105): view('rooms/index', Array)
#5 C:\xampp\htdocs\ashokas\system\CodeIgniter.php(824): App\Controllers\Room->view()
#6 C:\xampp\htdocs\ashokas\system\CodeIgniter.php(410): CodeIgniter\CodeIgniter->runController(Object(App\Controllers\Room))
#7 C:\xampp\htdocs\ashokas\system\CodeIgniter.php(318): CodeIgniter\CodeIgniter->handleRequest(NULL, Object(Config\Cache), false)
#8 C:\xampp\htdocs\ashokas\index.php(37): CodeIgniter\CodeIgniter->run()
#9 {main}
CRITICAL - 2022-01-14 15:13:47 --> syntax error, unexpected 'return' (T_RETURN), expecting function (T_FUNCTION) or const (T_CONST)
#0 C:\xampp\htdocs\ashokas\system\Autoloader\Autoloader.php(241): CodeIgniter\Autoloader\Autoloader->includeFile('C:\\xampp\\htdocs...')
#1 C:\xampp\htdocs\ashokas\system\Autoloader\Autoloader.php(219): CodeIgniter\Autoloader\Autoloader->loadInNamespace('App\\Controllers...')
#2 [internal function]: CodeIgniter\Autoloader\Autoloader->loadClass('App\\Controllers...')
#3 [internal function]: spl_autoload_call('App\\Controllers...')
#4 C:\xampp\htdocs\ashokas\system\CodeIgniter.php(789): class_exists('\\App\\Controller...', true)
#5 C:\xampp\htdocs\ashokas\system\CodeIgniter.php(397): CodeIgniter\CodeIgniter->startController()
#6 C:\xampp\htdocs\ashokas\system\CodeIgniter.php(318): CodeIgniter\CodeIgniter->handleRequest(NULL, Object(Config\Cache), false)
#7 C:\xampp\htdocs\ashokas\index.php(37): CodeIgniter\CodeIgniter->run()
#8 {main}
CRITICAL - 2022-01-14 15:54:12 --> Use of undefined constant base_url - assumed 'base_url' (this will throw an Error in a future version of PHP)
#0 C:\xampp\htdocs\ashokas\app\Views\layouts\script.php(1): CodeIgniter\Debug\Exceptions->errorHandler(2, 'Use of undefine...', 'C:\\xampp\\htdocs...', 1, Array)
#1 C:\xampp\htdocs\ashokas\system\View\View.php(214): include('C:\\xampp\\htdocs...')
#2 C:\xampp\htdocs\ashokas\system\View\View.php(217): CodeIgniter\View\View->CodeIgniter\View\{closure}()
#3 C:\xampp\htdocs\ashokas\system\View\View.php(432): CodeIgniter\View\View->render('layouts/script', NULL, true)
#4 C:\xampp\htdocs\ashokas\app\Views\layouts\base.php(80): CodeIgniter\View\View->include('layouts/script')
#5 C:\xampp\htdocs\ashokas\system\View\View.php(214): include('C:\\xampp\\htdocs...')
#6 C:\xampp\htdocs\ashokas\system\View\View.php(217): CodeIgniter\View\View->CodeIgniter\View\{closure}()
#7 C:\xampp\htdocs\ashokas\system\View\View.php(230): CodeIgniter\View\View->render('layouts/base', Array, true)
#8 C:\xampp\htdocs\ashokas\system\Common.php(1097): CodeIgniter\View\View->render('client/profile', Array, true)
#9 C:\xampp\htdocs\ashokas\app\Controllers\Client.php(109): view('client/profile', Array)
#10 C:\xampp\htdocs\ashokas\system\CodeIgniter.php(824): App\Controllers\Client->profile('1')
#11 C:\xampp\htdocs\ashokas\system\CodeIgniter.php(410): CodeIgniter\CodeIgniter->runController(Object(App\Controllers\Client))
#12 C:\xampp\htdocs\ashokas\system\CodeIgniter.php(318): CodeIgniter\CodeIgniter->handleRequest(NULL, Object(Config\Cache), false)
#13 C:\xampp\htdocs\ashokas\index.php(37): CodeIgniter\CodeIgniter->run()
#14 {main}
CRITICAL - 2022-01-14 15:54:20 --> Use of undefined constant base_url - assumed 'base_url' (this will throw an Error in a future version of PHP)
#0 C:\xampp\htdocs\ashokas\app\Views\layouts\script.php(1): CodeIgniter\Debug\Exceptions->errorHandler(2, 'Use of undefine...', 'C:\\xampp\\htdocs...', 1, Array)
#1 C:\xampp\htdocs\ashokas\system\View\View.php(214): include('C:\\xampp\\htdocs...')
#2 C:\xampp\htdocs\ashokas\system\View\View.php(217): CodeIgniter\View\View->CodeIgniter\View\{closure}()
#3 C:\xampp\htdocs\ashokas\system\View\View.php(432): CodeIgniter\View\View->render('layouts/script', NULL, true)
#4 C:\xampp\htdocs\ashokas\app\Views\layouts\base.php(80): CodeIgniter\View\View->include('layouts/script')
#5 C:\xampp\htdocs\ashokas\system\View\View.php(214): include('C:\\xampp\\htdocs...')
#6 C:\xampp\htdocs\ashokas\system\View\View.php(217): CodeIgniter\View\View->CodeIgniter\View\{closure}()
#7 C:\xampp\htdocs\ashokas\system\View\View.php(230): CodeIgniter\View\View->render('layouts/base', Array, true)
#8 C:\xampp\htdocs\ashokas\system\Common.php(1097): CodeIgniter\View\View->render('client/profile', Array, true)
#9 C:\xampp\htdocs\ashokas\app\Controllers\Client.php(109): view('client/profile', Array)
#10 C:\xampp\htdocs\ashokas\system\CodeIgniter.php(824): App\Controllers\Client->profile('1')
#11 C:\xampp\htdocs\ashokas\system\CodeIgniter.php(410): CodeIgniter\CodeIgniter->runController(Object(App\Controllers\Client))
#12 C:\xampp\htdocs\ashokas\system\CodeIgniter.php(318): CodeIgniter\CodeIgniter->handleRequest(NULL, Object(Config\Cache), false)
#13 C:\xampp\htdocs\ashokas\index.php(37): CodeIgniter\CodeIgniter->run()
#14 {main}
CRITICAL - 2022-01-14 15:54:47 --> Use of undefined constant base_url - assumed 'base_url' (this will throw an Error in a future version of PHP)
#0 C:\xampp\htdocs\ashokas\app\Views\layouts\script.php(1): CodeIgniter\Debug\Exceptions->errorHandler(2, 'Use of undefine...', 'C:\\xampp\\htdocs...', 1, Array)
#1 C:\xampp\htdocs\ashokas\system\View\View.php(214): include('C:\\xampp\\htdocs...')
#2 C:\xampp\htdocs\ashokas\system\View\View.php(217): CodeIgniter\View\View->CodeIgniter\View\{closure}()
#3 C:\xampp\htdocs\ashokas\system\View\View.php(432): CodeIgniter\View\View->render('layouts/script', NULL, true)
#4 C:\xampp\htdocs\ashokas\app\Views\layouts\base.php(80): CodeIgniter\View\View->include('layouts/script')
#5 C:\xampp\htdocs\ashokas\system\View\View.php(214): include('C:\\xampp\\htdocs...')
#6 C:\xampp\htdocs\ashokas\system\View\View.php(217): CodeIgniter\View\View->CodeIgniter\View\{closure}()
#7 C:\xampp\htdocs\ashokas\system\View\View.php(230): CodeIgniter\View\View->render('layouts/base', Array, true)
#8 C:\xampp\htdocs\ashokas\system\Common.php(1097): CodeIgniter\View\View->render('client/profile', Array, true)
#9 C:\xampp\htdocs\ashokas\app\Controllers\Client.php(109): view('client/profile', Array)
#10 C:\xampp\htdocs\ashokas\system\CodeIgniter.php(824): App\Controllers\Client->profile('1')
#11 C:\xampp\htdocs\ashokas\system\CodeIgniter.php(410): CodeIgniter\CodeIgniter->runController(Object(App\Controllers\Client))
#12 C:\xampp\htdocs\ashokas\system\CodeIgniter.php(318): CodeIgniter\CodeIgniter->handleRequest(NULL, Object(Config\Cache), false)
#13 C:\xampp\htdocs\ashokas\index.php(37): CodeIgniter\CodeIgniter->run()
#14 {main}
CRITICAL - 2022-01-14 16:07:39 --> Use of undefined constant base_url - assumed 'base_url' (this will throw an Error in a future version of PHP)
#0 C:\xampp\htdocs\ashokas\app\Views\layouts\script.php(1): CodeIgniter\Debug\Exceptions->errorHandler(2, 'Use of undefine...', 'C:\\xampp\\htdocs...', 1, Array)
#1 C:\xampp\htdocs\ashokas\system\View\View.php(214): include('C:\\xampp\\htdocs...')
#2 C:\xampp\htdocs\ashokas\system\View\View.php(217): CodeIgniter\View\View->CodeIgniter\View\{closure}()
#3 C:\xampp\htdocs\ashokas\system\View\View.php(432): CodeIgniter\View\View->render('layouts/script', NULL, true)
#4 C:\xampp\htdocs\ashokas\app\Views\layouts\base.php(80): CodeIgniter\View\View->include('layouts/script')
#5 C:\xampp\htdocs\ashokas\system\View\View.php(214): include('C:\\xampp\\htdocs...')
#6 C:\xampp\htdocs\ashokas\system\View\View.php(217): CodeIgniter\View\View->CodeIgniter\View\{closure}()
#7 C:\xampp\htdocs\ashokas\system\View\View.php(230): CodeIgniter\View\View->render('layouts/base', Array, true)
#8 C:\xampp\htdocs\ashokas\system\Common.php(1097): CodeIgniter\View\View->render('dashboard', Array, true)
#9 C:\xampp\htdocs\ashokas\app\Controllers\Home.php(34): view('dashboard', Array)
#10 C:\xampp\htdocs\ashokas\system\CodeIgniter.php(824): App\Controllers\Home->dashboard()
#11 C:\xampp\htdocs\ashokas\system\CodeIgniter.php(410): CodeIgniter\CodeIgniter->runController(Object(App\Controllers\Home))
#12 C:\xampp\htdocs\ashokas\system\CodeIgniter.php(318): CodeIgniter\CodeIgniter->handleRequest(NULL, Object(Config\Cache), false)
#13 C:\xampp\htdocs\ashokas\index.php(37): CodeIgniter\CodeIgniter->run()
#14 {main}
CRITICAL - 2022-01-14 16:18:27 --> You must set the database table to be used with your query.
#0 C:\xampp\htdocs\ashokas\system\Model.php(545): CodeIgniter\Database\BaseConnection->table(NULL)
#1 C:\xampp\htdocs\ashokas\system\Model.php(717): CodeIgniter\Model->builder()
#2 C:\xampp\htdocs\ashokas\app\Controllers\Client.php(106): CodeIgniter\Model->__call('getClientData', Array)
#3 C:\xampp\htdocs\ashokas\system\CodeIgniter.php(824): App\Controllers\Client->profile('1')
#4 C:\xampp\htdocs\ashokas\system\CodeIgniter.php(410): CodeIgniter\CodeIgniter->runController(Object(App\Controllers\Client))
#5 C:\xampp\htdocs\ashokas\system\CodeIgniter.php(318): CodeIgniter\CodeIgniter->handleRequest(NULL, Object(Config\Cache), false)
#6 C:\xampp\htdocs\ashokas\index.php(37): CodeIgniter\CodeIgniter->run()
#7 {main}
CRITICAL - 2022-01-14 16:21:12 --> Undefined index: first_name
#0 C:\xampp\htdocs\ashokas\app\Views\client\profile.php(18): CodeIgniter\Debug\Exceptions->errorHandler(8, 'Undefined index...', 'C:\\xampp\\htdocs...', 18, Array)
#1 C:\xampp\htdocs\ashokas\system\View\View.php(214): include('C:\\xampp\\htdocs...')
#2 C:\xampp\htdocs\ashokas\system\View\View.php(217): CodeIgniter\View\View->CodeIgniter\View\{closure}()
#3 C:\xampp\htdocs\ashokas\system\Common.php(1097): CodeIgniter\View\View->render('client/profile', Array, true)
#4 C:\xampp\htdocs\ashokas\app\Controllers\Client.php(109): view('client/profile', Array)
#5 C:\xampp\htdocs\ashokas\system\CodeIgniter.php(824): App\Controllers\Client->profile('1')
#6 C:\xampp\htdocs\ashokas\system\CodeIgniter.php(410): CodeIgniter\CodeIgniter->runController(Object(App\Controllers\Client))
#7 C:\xampp\htdocs\ashokas\system\CodeIgniter.php(318): CodeIgniter\CodeIgniter->handleRequest(NULL, Object(Config\Cache), false)
#8 C:\xampp\htdocs\ashokas\index.php(37): CodeIgniter\CodeIgniter->run()
#9 {main}
CRITICAL - 2022-01-14 19:07:26 --> Undefined index: clientele
#0 C:\xampp\htdocs\ashokas\app\Views\client\profile.php(23): CodeIgniter\Debug\Exceptions->errorHandler(8, 'Undefined index...', 'C:\\xampp\\htdocs...', 23, Array)
#1 C:\xampp\htdocs\ashokas\system\View\View.php(214): include('C:\\xampp\\htdocs...')
#2 C:\xampp\htdocs\ashokas\system\View\View.php(217): CodeIgniter\View\View->CodeIgniter\View\{closure}()
#3 C:\xampp\htdocs\ashokas\system\Common.php(1097): CodeIgniter\View\View->render('client/profile', Array, true)
#4 C:\xampp\htdocs\ashokas\app\Controllers\Client.php(109): view('client/profile', Array)
#5 C:\xampp\htdocs\ashokas\system\CodeIgniter.php(824): App\Controllers\Client->profile('1')
#6 C:\xampp\htdocs\ashokas\system\CodeIgniter.php(410): CodeIgniter\CodeIgniter->runController(Object(App\Controllers\Client))
#7 C:\xampp\htdocs\ashokas\system\CodeIgniter.php(318): CodeIgniter\CodeIgniter->handleRequest(NULL, Object(Config\Cache), false)
#8 C:\xampp\htdocs\ashokas\index.php(37): CodeIgniter\CodeIgniter->run()
#9 {main}
CRITICAL - 2022-01-14 20:18:34 --> Function name must be a string
#0 C:\xampp\htdocs\ashokas\system\View\View.php(214): include()
#1 C:\xampp\htdocs\ashokas\system\View\View.php(217): CodeIgniter\View\View->CodeIgniter\View\{closure}()
#2 C:\xampp\htdocs\ashokas\system\Common.php(1097): CodeIgniter\View\View->render('client/edit', Array, true)
#3 C:\xampp\htdocs\ashokas\app\Controllers\Client.php(148): view('client/edit', Array)
#4 C:\xampp\htdocs\ashokas\system\CodeIgniter.php(824): App\Controllers\Client->edit('1')
#5 C:\xampp\htdocs\ashokas\system\CodeIgniter.php(410): CodeIgniter\CodeIgniter->runController(Object(App\Controllers\Client))
#6 C:\xampp\htdocs\ashokas\system\CodeIgniter.php(318): CodeIgniter\CodeIgniter->handleRequest(NULL, Object(Config\Cache), false)
#7 C:\xampp\htdocs\ashokas\index.php(37): CodeIgniter\CodeIgniter->run()
#8 {main}
CRITICAL - 2022-01-14 20:19:11 --> Function name must be a string
#0 C:\xampp\htdocs\ashokas\system\View\View.php(214): include()
#1 C:\xampp\htdocs\ashokas\system\View\View.php(217): CodeIgniter\View\View->CodeIgniter\View\{closure}()
#2 C:\xampp\htdocs\ashokas\system\Common.php(1097): CodeIgniter\View\View->render('client/edit', Array, true)
#3 C:\xampp\htdocs\ashokas\app\Controllers\Client.php(148): view('client/edit', Array)
#4 C:\xampp\htdocs\ashokas\system\CodeIgniter.php(824): App\Controllers\Client->edit('1')
#5 C:\xampp\htdocs\ashokas\system\CodeIgniter.php(410): CodeIgniter\CodeIgniter->runController(Object(App\Controllers\Client))
#6 C:\xampp\htdocs\ashokas\system\CodeIgniter.php(318): CodeIgniter\CodeIgniter->handleRequest(NULL, Object(Config\Cache), false)
#7 C:\xampp\htdocs\ashokas\index.php(37): CodeIgniter\CodeIgniter->run()
#8 {main}
CRITICAL - 2022-01-14 20:32:02 --> Function name must be a string
#0 C:\xampp\htdocs\ashokas\system\View\View.php(214): include()
#1 C:\xampp\htdocs\ashokas\system\View\View.php(217): CodeIgniter\View\View->CodeIgniter\View\{closure}()
#2 C:\xampp\htdocs\ashokas\system\Common.php(1097): CodeIgniter\View\View->render('client/edit', Array, true)
#3 C:\xampp\htdocs\ashokas\app\Controllers\Client.php(148): view('client/edit', Array)
#4 C:\xampp\htdocs\ashokas\system\CodeIgniter.php(824): App\Controllers\Client->edit('1')
#5 C:\xampp\htdocs\ashokas\system\CodeIgniter.php(410): CodeIgniter\CodeIgniter->runController(Object(App\Controllers\Client))
#6 C:\xampp\htdocs\ashokas\system\CodeIgniter.php(318): CodeIgniter\CodeIgniter->handleRequest(NULL, Object(Config\Cache), false)
#7 C:\xampp\htdocs\ashokas\index.php(37): CodeIgniter\CodeIgniter->run()
#8 {main}
CRITICAL - 2022-01-14 20:33:36 --> Function name must be a string
#0 C:\xampp\htdocs\ashokas\system\View\View.php(214): include()
#1 C:\xampp\htdocs\ashokas\system\View\View.php(217): CodeIgniter\View\View->CodeIgniter\View\{closure}()
#2 C:\xampp\htdocs\ashokas\system\Common.php(1097): CodeIgniter\View\View->render('client/edit', Array, true)
#3 C:\xampp\htdocs\ashokas\app\Controllers\Client.php(148): view('client/edit', Array)
#4 C:\xampp\htdocs\ashokas\system\CodeIgniter.php(824): App\Controllers\Client->edit('1')
#5 C:\xampp\htdocs\ashokas\system\CodeIgniter.php(410): CodeIgniter\CodeIgniter->runController(Object(App\Controllers\Client))
#6 C:\xampp\htdocs\ashokas\system\CodeIgniter.php(318): CodeIgniter\CodeIgniter->handleRequest(NULL, Object(Config\Cache), false)
#7 C:\xampp\htdocs\ashokas\index.php(37): CodeIgniter\CodeIgniter->run()
#8 {main}
CRITICAL - 2022-01-14 20:34:29 --> Function name must be a string
#0 C:\xampp\htdocs\ashokas\system\View\View.php(214): include()
#1 C:\xampp\htdocs\ashokas\system\View\View.php(217): CodeIgniter\View\View->CodeIgniter\View\{closure}()
#2 C:\xampp\htdocs\ashokas\system\Common.php(1097): CodeIgniter\View\View->render('client/edit', Array, true)
#3 C:\xampp\htdocs\ashokas\app\Controllers\Client.php(148): view('client/edit', Array)
#4 C:\xampp\htdocs\ashokas\system\CodeIgniter.php(824): App\Controllers\Client->edit('1')
#5 C:\xampp\htdocs\ashokas\system\CodeIgniter.php(410): CodeIgniter\CodeIgniter->runController(Object(App\Controllers\Client))
#6 C:\xampp\htdocs\ashokas\system\CodeIgniter.php(318): CodeIgniter\CodeIgniter->handleRequest(NULL, Object(Config\Cache), false)
#7 C:\xampp\htdocs\ashokas\index.php(37): CodeIgniter\CodeIgniter->run()
#8 {main}
CRITICAL - 2022-01-14 20:34:31 --> Function name must be a string
#0 C:\xampp\htdocs\ashokas\system\View\View.php(214): include()
#1 C:\xampp\htdocs\ashokas\system\View\View.php(217): CodeIgniter\View\View->CodeIgniter\View\{closure}()
#2 C:\xampp\htdocs\ashokas\system\Common.php(1097): CodeIgniter\View\View->render('client/edit', Array, true)
#3 C:\xampp\htdocs\ashokas\app\Controllers\Client.php(148): view('client/edit', Array)
#4 C:\xampp\htdocs\ashokas\system\CodeIgniter.php(824): App\Controllers\Client->edit('1')
#5 C:\xampp\htdocs\ashokas\system\CodeIgniter.php(410): CodeIgniter\CodeIgniter->runController(Object(App\Controllers\Client))
#6 C:\xampp\htdocs\ashokas\system\CodeIgniter.php(318): CodeIgniter\CodeIgniter->handleRequest(NULL, Object(Config\Cache), false)
#7 C:\xampp\htdocs\ashokas\index.php(37): CodeIgniter\CodeIgniter->run()
#8 {main}
CRITICAL - 2022-01-14 20:34:32 --> Function name must be a string
#0 C:\xampp\htdocs\ashokas\system\View\View.php(214): include()
#1 C:\xampp\htdocs\ashokas\system\View\View.php(217): CodeIgniter\View\View->CodeIgniter\View\{closure}()
#2 C:\xampp\htdocs\ashokas\system\Common.php(1097): CodeIgniter\View\View->render('client/edit', Array, true)
#3 C:\xampp\htdocs\ashokas\app\Controllers\Client.php(148): view('client/edit', Array)
#4 C:\xampp\htdocs\ashokas\system\CodeIgniter.php(824): App\Controllers\Client->edit('1')
#5 C:\xampp\htdocs\ashokas\system\CodeIgniter.php(410): CodeIgniter\CodeIgniter->runController(Object(App\Controllers\Client))
#6 C:\xampp\htdocs\ashokas\system\CodeIgniter.php(318): CodeIgniter\CodeIgniter->handleRequest(NULL, Object(Config\Cache), false)
#7 C:\xampp\htdocs\ashokas\index.php(37): CodeIgniter\CodeIgniter->run()
#8 {main}
CRITICAL - 2022-01-14 20:34:32 --> Function name must be a string
#0 C:\xampp\htdocs\ashokas\system\View\View.php(214): include()
#1 C:\xampp\htdocs\ashokas\system\View\View.php(217): CodeIgniter\View\View->CodeIgniter\View\{closure}()
#2 C:\xampp\htdocs\ashokas\system\Common.php(1097): CodeIgniter\View\View->render('client/edit', Array, true)
#3 C:\xampp\htdocs\ashokas\app\Controllers\Client.php(148): view('client/edit', Array)
#4 C:\xampp\htdocs\ashokas\system\CodeIgniter.php(824): App\Controllers\Client->edit('1')
#5 C:\xampp\htdocs\ashokas\system\CodeIgniter.php(410): CodeIgniter\CodeIgniter->runController(Object(App\Controllers\Client))
#6 C:\xampp\htdocs\ashokas\system\CodeIgniter.php(318): CodeIgniter\CodeIgniter->handleRequest(NULL, Object(Config\Cache), false)
#7 C:\xampp\htdocs\ashokas\index.php(37): CodeIgniter\CodeIgniter->run()
#8 {main}
CRITICAL - 2022-01-14 20:34:32 --> Function name must be a string
#0 C:\xampp\htdocs\ashokas\system\View\View.php(214): include()
#1 C:\xampp\htdocs\ashokas\system\View\View.php(217): CodeIgniter\View\View->CodeIgniter\View\{closure}()
#2 C:\xampp\htdocs\ashokas\system\Common.php(1097): CodeIgniter\View\View->render('client/edit', Array, true)
#3 C:\xampp\htdocs\ashokas\app\Controllers\Client.php(148): view('client/edit', Array)
#4 C:\xampp\htdocs\ashokas\system\CodeIgniter.php(824): App\Controllers\Client->edit('1')
#5 C:\xampp\htdocs\ashokas\system\CodeIgniter.php(410): CodeIgniter\CodeIgniter->runController(Object(App\Controllers\Client))
#6 C:\xampp\htdocs\ashokas\system\CodeIgniter.php(318): CodeIgniter\CodeIgniter->handleRequest(NULL, Object(Config\Cache), false)
#7 C:\xampp\htdocs\ashokas\index.php(37): CodeIgniter\CodeIgniter->run()
#8 {main}
CRITICAL - 2022-01-14 20:34:33 --> Function name must be a string
#0 C:\xampp\htdocs\ashokas\system\View\View.php(214): include()
#1 C:\xampp\htdocs\ashokas\system\View\View.php(217): CodeIgniter\View\View->CodeIgniter\View\{closure}()
#2 C:\xampp\htdocs\ashokas\system\Common.php(1097): CodeIgniter\View\View->render('client/edit', Array, true)
#3 C:\xampp\htdocs\ashokas\app\Controllers\Client.php(148): view('client/edit', Array)
#4 C:\xampp\htdocs\ashokas\system\CodeIgniter.php(824): App\Controllers\Client->edit('1')
#5 C:\xampp\htdocs\ashokas\system\CodeIgniter.php(410): CodeIgniter\CodeIgniter->runController(Object(App\Controllers\Client))
#6 C:\xampp\htdocs\ashokas\system\CodeIgniter.php(318): CodeIgniter\CodeIgniter->handleRequest(NULL, Object(Config\Cache), false)
#7 C:\xampp\htdocs\ashokas\index.php(37): CodeIgniter\CodeIgniter->run()
#8 {main}
CRITICAL - 2022-01-14 20:34:33 --> Function name must be a string
#0 C:\xampp\htdocs\ashokas\system\View\View.php(214): include()
#1 C:\xampp\htdocs\ashokas\system\View\View.php(217): CodeIgniter\View\View->CodeIgniter\View\{closure}()
#2 C:\xampp\htdocs\ashokas\system\Common.php(1097): CodeIgniter\View\View->render('client/edit', Array, true)
#3 C:\xampp\htdocs\ashokas\app\Controllers\Client.php(148): view('client/edit', Array)
#4 C:\xampp\htdocs\ashokas\system\CodeIgniter.php(824): App\Controllers\Client->edit('1')
#5 C:\xampp\htdocs\ashokas\system\CodeIgniter.php(410): CodeIgniter\CodeIgniter->runController(Object(App\Controllers\Client))
#6 C:\xampp\htdocs\ashokas\system\CodeIgniter.php(318): CodeIgniter\CodeIgniter->handleRequest(NULL, Object(Config\Cache), false)
#7 C:\xampp\htdocs\ashokas\index.php(37): CodeIgniter\CodeIgniter->run()
#8 {main}
CRITICAL - 2022-01-14 20:34:33 --> Function name must be a string
#0 C:\xampp\htdocs\ashokas\system\View\View.php(214): include()
#1 C:\xampp\htdocs\ashokas\system\View\View.php(217): CodeIgniter\View\View->CodeIgniter\View\{closure}()
#2 C:\xampp\htdocs\ashokas\system\Common.php(1097): CodeIgniter\View\View->render('client/edit', Array, true)
#3 C:\xampp\htdocs\ashokas\app\Controllers\Client.php(148): view('client/edit', Array)
#4 C:\xampp\htdocs\ashokas\system\CodeIgniter.php(824): App\Controllers\Client->edit('1')
#5 C:\xampp\htdocs\ashokas\system\CodeIgniter.php(410): CodeIgniter\CodeIgniter->runController(Object(App\Controllers\Client))
#6 C:\xampp\htdocs\ashokas\system\CodeIgniter.php(318): CodeIgniter\CodeIgniter->handleRequest(NULL, Object(Config\Cache), false)
#7 C:\xampp\htdocs\ashokas\index.php(37): CodeIgniter\CodeIgniter->run()
#8 {main}
CRITICAL - 2022-01-14 20:34:33 --> Function name must be a string
#0 C:\xampp\htdocs\ashokas\system\View\View.php(214): include()
#1 C:\xampp\htdocs\ashokas\system\View\View.php(217): CodeIgniter\View\View->CodeIgniter\View\{closure}()
#2 C:\xampp\htdocs\ashokas\system\Common.php(1097): CodeIgniter\View\View->render('client/edit', Array, true)
#3 C:\xampp\htdocs\ashokas\app\Controllers\Client.php(148): view('client/edit', Array)
#4 C:\xampp\htdocs\ashokas\system\CodeIgniter.php(824): App\Controllers\Client->edit('1')
#5 C:\xampp\htdocs\ashokas\system\CodeIgniter.php(410): CodeIgniter\CodeIgniter->runController(Object(App\Controllers\Client))
#6 C:\xampp\htdocs\ashokas\system\CodeIgniter.php(318): CodeIgniter\CodeIgniter->handleRequest(NULL, Object(Config\Cache), false)
#7 C:\xampp\htdocs\ashokas\index.php(37): CodeIgniter\CodeIgniter->run()
#8 {main}
CRITICAL - 2022-01-14 20:34:34 --> Function name must be a string
#0 C:\xampp\htdocs\ashokas\system\View\View.php(214): include()
#1 C:\xampp\htdocs\ashokas\system\View\View.php(217): CodeIgniter\View\View->CodeIgniter\View\{closure}()
#2 C:\xampp\htdocs\ashokas\system\Common.php(1097): CodeIgniter\View\View->render('client/edit', Array, true)
#3 C:\xampp\htdocs\ashokas\app\Controllers\Client.php(148): view('client/edit', Array)
#4 C:\xampp\htdocs\ashokas\system\CodeIgniter.php(824): App\Controllers\Client->edit('1')
#5 C:\xampp\htdocs\ashokas\system\CodeIgniter.php(410): CodeIgniter\CodeIgniter->runController(Object(App\Controllers\Client))
#6 C:\xampp\htdocs\ashokas\system\CodeIgniter.php(318): CodeIgniter\CodeIgniter->handleRequest(NULL, Object(Config\Cache), false)
#7 C:\xampp\htdocs\ashokas\index.php(37): CodeIgniter\CodeIgniter->run()
#8 {main}
CRITICAL - 2022-01-14 20:34:34 --> Function name must be a string
#0 C:\xampp\htdocs\ashokas\system\View\View.php(214): include()
#1 C:\xampp\htdocs\ashokas\system\View\View.php(217): CodeIgniter\View\View->CodeIgniter\View\{closure}()
#2 C:\xampp\htdocs\ashokas\system\Common.php(1097): CodeIgniter\View\View->render('client/edit', Array, true)
#3 C:\xampp\htdocs\ashokas\app\Controllers\Client.php(148): view('client/edit', Array)
#4 C:\xampp\htdocs\ashokas\system\CodeIgniter.php(824): App\Controllers\Client->edit('1')
#5 C:\xampp\htdocs\ashokas\system\CodeIgniter.php(410): CodeIgniter\CodeIgniter->runController(Object(App\Controllers\Client))
#6 C:\xampp\htdocs\ashokas\system\CodeIgniter.php(318): CodeIgniter\CodeIgniter->handleRequest(NULL, Object(Config\Cache), false)
#7 C:\xampp\htdocs\ashokas\index.php(37): CodeIgniter\CodeIgniter->run()
#8 {main}
CRITICAL - 2022-01-14 20:34:34 --> Function name must be a string
#0 C:\xampp\htdocs\ashokas\system\View\View.php(214): include()
#1 C:\xampp\htdocs\ashokas\system\View\View.php(217): CodeIgniter\View\View->CodeIgniter\View\{closure}()
#2 C:\xampp\htdocs\ashokas\system\Common.php(1097): CodeIgniter\View\View->render('client/edit', Array, true)
#3 C:\xampp\htdocs\ashokas\app\Controllers\Client.php(148): view('client/edit', Array)
#4 C:\xampp\htdocs\ashokas\system\CodeIgniter.php(824): App\Controllers\Client->edit('1')
#5 C:\xampp\htdocs\ashokas\system\CodeIgniter.php(410): CodeIgniter\CodeIgniter->runController(Object(App\Controllers\Client))
#6 C:\xampp\htdocs\ashokas\system\CodeIgniter.php(318): CodeIgniter\CodeIgniter->handleRequest(NULL, Object(Config\Cache), false)
#7 C:\xampp\htdocs\ashokas\index.php(37): CodeIgniter\CodeIgniter->run()
#8 {main}
CRITICAL - 2022-01-14 20:34:34 --> Function name must be a string
#0 C:\xampp\htdocs\ashokas\system\View\View.php(214): include()
#1 C:\xampp\htdocs\ashokas\system\View\View.php(217): CodeIgniter\View\View->CodeIgniter\View\{closure}()
#2 C:\xampp\htdocs\ashokas\system\Common.php(1097): CodeIgniter\View\View->render('client/edit', Array, true)
#3 C:\xampp\htdocs\ashokas\app\Controllers\Client.php(148): view('client/edit', Array)
#4 C:\xampp\htdocs\ashokas\system\CodeIgniter.php(824): App\Controllers\Client->edit('1')
#5 C:\xampp\htdocs\ashokas\system\CodeIgniter.php(410): CodeIgniter\CodeIgniter->runController(Object(App\Controllers\Client))
#6 C:\xampp\htdocs\ashokas\system\CodeIgniter.php(318): CodeIgniter\CodeIgniter->handleRequest(NULL, Object(Config\Cache), false)
#7 C:\xampp\htdocs\ashokas\index.php(37): CodeIgniter\CodeIgniter->run()
#8 {main}
CRITICAL - 2022-01-14 20:34:34 --> Function name must be a string
#0 C:\xampp\htdocs\ashokas\system\View\View.php(214): include()
#1 C:\xampp\htdocs\ashokas\system\View\View.php(217): CodeIgniter\View\View->CodeIgniter\View\{closure}()
#2 C:\xampp\htdocs\ashokas\system\Common.php(1097): CodeIgniter\View\View->render('client/edit', Array, true)
#3 C:\xampp\htdocs\ashokas\app\Controllers\Client.php(148): view('client/edit', Array)
#4 C:\xampp\htdocs\ashokas\system\CodeIgniter.php(824): App\Controllers\Client->edit('1')
#5 C:\xampp\htdocs\ashokas\system\CodeIgniter.php(410): CodeIgniter\CodeIgniter->runController(Object(App\Controllers\Client))
#6 C:\xampp\htdocs\ashokas\system\CodeIgniter.php(318): CodeIgniter\CodeIgniter->handleRequest(NULL, Object(Config\Cache), false)
#7 C:\xampp\htdocs\ashokas\index.php(37): CodeIgniter\CodeIgniter->run()
#8 {main}
CRITICAL - 2022-01-14 20:44:06 --> Function name must be a string
#0 C:\xampp\htdocs\ashokas\system\View\View.php(214): include()
#1 C:\xampp\htdocs\ashokas\system\View\View.php(217): CodeIgniter\View\View->CodeIgniter\View\{closure}()
#2 C:\xampp\htdocs\ashokas\system\Common.php(1097): CodeIgniter\View\View->render('client/edit', Array, true)
#3 C:\xampp\htdocs\ashokas\app\Controllers\Client.php(148): view('client/edit', Array)
#4 C:\xampp\htdocs\ashokas\system\CodeIgniter.php(824): App\Controllers\Client->edit('1')
#5 C:\xampp\htdocs\ashokas\system\CodeIgniter.php(410): CodeIgniter\CodeIgniter->runController(Object(App\Controllers\Client))
#6 C:\xampp\htdocs\ashokas\system\CodeIgniter.php(318): CodeIgniter\CodeIgniter->handleRequest(NULL, Object(Config\Cache), false)
#7 C:\xampp\htdocs\ashokas\index.php(37): CodeIgniter\CodeIgniter->run()
#8 {main}
