CRITICAL - 2022-01-11 13:41:19 --> Class 'App\Models\LoginModel' not found
#0 C:\xampp\htdocs\ashokas\system\CodeIgniter.php(801): App\Controllers\Login->__construct()
#1 C:\xampp\htdocs\ashokas\system\CodeIgniter.php(401): CodeIgniter\CodeIgniter->createController()
#2 C:\xampp\htdocs\ashokas\system\CodeIgniter.php(318): CodeIgniter\CodeIgniter->handleRequest(NULL, Object(Config\Cache), false)
#3 C:\xampp\htdocs\ashokas\index.php(37): CodeIgniter\CodeIgniter->run()
#4 {main}
CRITICAL - 2022-01-11 13:43:33 --> Class 'App\Models\LoginModel' not found
#0 C:\xampp\htdocs\ashokas\system\CodeIgniter.php(801): App\Controllers\Login->__construct()
#1 C:\xampp\htdocs\ashokas\system\CodeIgniter.php(401): CodeIgniter\CodeIgniter->createController()
#2 C:\xampp\htdocs\ashokas\system\CodeIgniter.php(318): CodeIgniter\CodeIgniter->handleRequest(NULL, Object(Config\Cache), false)
#3 C:\xampp\htdocs\ashokas\index.php(37): CodeIgniter\CodeIgniter->run()
#4 {main}
CRITICAL - 2022-01-11 13:45:29 --> Class 'App\Models\LoginModel' not found
#0 C:\xampp\htdocs\ashokas\system\CodeIgniter.php(801): App\Controllers\Login->__construct()
#1 C:\xampp\htdocs\ashokas\system\CodeIgniter.php(401): CodeIgniter\CodeIgniter->createController()
#2 C:\xampp\htdocs\ashokas\system\CodeIgniter.php(318): CodeIgniter\CodeIgniter->handleRequest(NULL, Object(Config\Cache), false)
#3 C:\xampp\htdocs\ashokas\index.php(37): CodeIgniter\CodeIgniter->run()
#4 {main}
CRITICAL - 2022-01-11 13:45:33 --> Class 'App\Models\LoginModel' not found
#0 C:\xampp\htdocs\ashokas\system\CodeIgniter.php(801): App\Controllers\Login->__construct()
#1 C:\xampp\htdocs\ashokas\system\CodeIgniter.php(401): CodeIgniter\CodeIgniter->createController()
#2 C:\xampp\htdocs\ashokas\system\CodeIgniter.php(318): CodeIgniter\CodeIgniter->handleRequest(NULL, Object(Config\Cache), false)
#3 C:\xampp\htdocs\ashokas\index.php(37): CodeIgniter\CodeIgniter->run()
#4 {main}
