CRITICAL - 2022-01-22 08:27:36 --> Object of class DateTime could not be converted to string
#0 C:\xampp\htdocs\ashokas\system\View\View.php(214): include()
#1 C:\xampp\htdocs\ashokas\system\View\View.php(217): CodeIgniter\View\View->CodeIgniter\View\{closure}()
#2 C:\xampp\htdocs\ashokas\system\Common.php(1097): CodeIgniter\View\View->render('lodge/invoice', Array, true)
#3 C:\xampp\htdocs\ashokas\app\Controllers\Lodge.php(231): view('lodge/invoice', Array)
#4 C:\xampp\htdocs\ashokas\system\CodeIgniter.php(824): App\Controllers\Lodge->invoice('473445')
#5 C:\xampp\htdocs\ashokas\system\CodeIgniter.php(410): CodeIgniter\CodeIgniter->runController(Object(App\Controllers\Lodge))
#6 C:\xampp\htdocs\ashokas\system\CodeIgniter.php(318): CodeIgniter\CodeIgniter->handleRequest(NULL, Object(Config\Cache), false)
#7 C:\xampp\htdocs\ashokas\index.php(37): CodeIgniter\CodeIgniter->run()
#8 {main}
CRITICAL - 2022-01-22 08:28:11 --> Object of class DateTime could not be converted to string
#0 C:\xampp\htdocs\ashokas\system\View\View.php(214): include()
#1 C:\xampp\htdocs\ashokas\system\View\View.php(217): CodeIgniter\View\View->CodeIgniter\View\{closure}()
#2 C:\xampp\htdocs\ashokas\system\Common.php(1097): CodeIgniter\View\View->render('lodge/invoice', Array, true)
#3 C:\xampp\htdocs\ashokas\app\Controllers\Lodge.php(231): view('lodge/invoice', Array)
#4 C:\xampp\htdocs\ashokas\system\CodeIgniter.php(824): App\Controllers\Lodge->invoice('473445')
#5 C:\xampp\htdocs\ashokas\system\CodeIgniter.php(410): CodeIgniter\CodeIgniter->runController(Object(App\Controllers\Lodge))
#6 C:\xampp\htdocs\ashokas\system\CodeIgniter.php(318): CodeIgniter\CodeIgniter->handleRequest(NULL, Object(Config\Cache), false)
#7 C:\xampp\htdocs\ashokas\index.php(37): CodeIgniter\CodeIgniter->run()
#8 {main}
CRITICAL - 2022-01-22 08:28:27 --> Object of class DateTime could not be converted to string
#0 C:\xampp\htdocs\ashokas\system\View\View.php(214): include()
#1 C:\xampp\htdocs\ashokas\system\View\View.php(217): CodeIgniter\View\View->CodeIgniter\View\{closure}()
#2 C:\xampp\htdocs\ashokas\system\Common.php(1097): CodeIgniter\View\View->render('lodge/invoice', Array, true)
#3 C:\xampp\htdocs\ashokas\app\Controllers\Lodge.php(231): view('lodge/invoice', Array)
#4 C:\xampp\htdocs\ashokas\system\CodeIgniter.php(824): App\Controllers\Lodge->invoice('473445')
#5 C:\xampp\htdocs\ashokas\system\CodeIgniter.php(410): CodeIgniter\CodeIgniter->runController(Object(App\Controllers\Lodge))
#6 C:\xampp\htdocs\ashokas\system\CodeIgniter.php(318): CodeIgniter\CodeIgniter->handleRequest(NULL, Object(Config\Cache), false)
#7 C:\xampp\htdocs\ashokas\index.php(37): CodeIgniter\CodeIgniter->run()
#8 {main}
CRITICAL - 2022-01-22 08:38:28 --> A non well formed numeric value encountered
#0 C:\xampp\htdocs\ashokas\app\Views\lodge\invoice.php(12): CodeIgniter\Debug\Exceptions->errorHandler(8, 'A non well form...', 'C:\\xampp\\htdocs...', 12, Array)
#1 C:\xampp\htdocs\ashokas\system\View\View.php(214): include('C:\\xampp\\htdocs...')
#2 C:\xampp\htdocs\ashokas\system\View\View.php(217): CodeIgniter\View\View->CodeIgniter\View\{closure}()
#3 C:\xampp\htdocs\ashokas\system\Common.php(1097): CodeIgniter\View\View->render('lodge/invoice', Array, true)
#4 C:\xampp\htdocs\ashokas\app\Controllers\Lodge.php(231): view('lodge/invoice', Array)
#5 C:\xampp\htdocs\ashokas\system\CodeIgniter.php(824): App\Controllers\Lodge->invoice('473445')
#6 C:\xampp\htdocs\ashokas\system\CodeIgniter.php(410): CodeIgniter\CodeIgniter->runController(Object(App\Controllers\Lodge))
#7 C:\xampp\htdocs\ashokas\system\CodeIgniter.php(318): CodeIgniter\CodeIgniter->handleRequest(NULL, Object(Config\Cache), false)
#8 C:\xampp\htdocs\ashokas\index.php(37): CodeIgniter\CodeIgniter->run()
#9 {main}
CRITICAL - 2022-01-22 08:38:46 --> A non well formed numeric value encountered
#0 C:\xampp\htdocs\ashokas\app\Views\lodge\invoice.php(12): CodeIgniter\Debug\Exceptions->errorHandler(8, 'A non well form...', 'C:\\xampp\\htdocs...', 12, Array)
#1 C:\xampp\htdocs\ashokas\system\View\View.php(214): include('C:\\xampp\\htdocs...')
#2 C:\xampp\htdocs\ashokas\system\View\View.php(217): CodeIgniter\View\View->CodeIgniter\View\{closure}()
#3 C:\xampp\htdocs\ashokas\system\Common.php(1097): CodeIgniter\View\View->render('lodge/invoice', Array, true)
#4 C:\xampp\htdocs\ashokas\app\Controllers\Lodge.php(231): view('lodge/invoice', Array)
#5 C:\xampp\htdocs\ashokas\system\CodeIgniter.php(824): App\Controllers\Lodge->invoice('473445')
#6 C:\xampp\htdocs\ashokas\system\CodeIgniter.php(410): CodeIgniter\CodeIgniter->runController(Object(App\Controllers\Lodge))
#7 C:\xampp\htdocs\ashokas\system\CodeIgniter.php(318): CodeIgniter\CodeIgniter->handleRequest(NULL, Object(Config\Cache), false)
#8 C:\xampp\htdocs\ashokas\index.php(37): CodeIgniter\CodeIgniter->run()
#9 {main}
CRITICAL - 2022-01-22 08:38:58 --> A non well formed numeric value encountered
#0 C:\xampp\htdocs\ashokas\app\Views\lodge\invoice.php(12): CodeIgniter\Debug\Exceptions->errorHandler(8, 'A non well form...', 'C:\\xampp\\htdocs...', 12, Array)
#1 C:\xampp\htdocs\ashokas\system\View\View.php(214): include('C:\\xampp\\htdocs...')
#2 C:\xampp\htdocs\ashokas\system\View\View.php(217): CodeIgniter\View\View->CodeIgniter\View\{closure}()
#3 C:\xampp\htdocs\ashokas\system\Common.php(1097): CodeIgniter\View\View->render('lodge/invoice', Array, true)
#4 C:\xampp\htdocs\ashokas\app\Controllers\Lodge.php(231): view('lodge/invoice', Array)
#5 C:\xampp\htdocs\ashokas\system\CodeIgniter.php(824): App\Controllers\Lodge->invoice('473445')
#6 C:\xampp\htdocs\ashokas\system\CodeIgniter.php(410): CodeIgniter\CodeIgniter->runController(Object(App\Controllers\Lodge))
#7 C:\xampp\htdocs\ashokas\system\CodeIgniter.php(318): CodeIgniter\CodeIgniter->handleRequest(NULL, Object(Config\Cache), false)
#8 C:\xampp\htdocs\ashokas\index.php(37): CodeIgniter\CodeIgniter->run()
#9 {main}
CRITICAL - 2022-01-22 08:41:31 --> DateTime::__construct() expects parameter 2 to be DateTimeZone, int given
#0 C:\xampp\htdocs\ashokas\app\Views\lodge\invoice.php(12): DateTime->__construct('23-Jan-2022', 1642978800)
#1 C:\xampp\htdocs\ashokas\system\View\View.php(214): include('C:\\xampp\\htdocs...')
#2 C:\xampp\htdocs\ashokas\system\View\View.php(217): CodeIgniter\View\View->CodeIgniter\View\{closure}()
#3 C:\xampp\htdocs\ashokas\system\Common.php(1097): CodeIgniter\View\View->render('lodge/invoice', Array, true)
#4 C:\xampp\htdocs\ashokas\app\Controllers\Lodge.php(231): view('lodge/invoice', Array)
#5 C:\xampp\htdocs\ashokas\system\CodeIgniter.php(824): App\Controllers\Lodge->invoice('473445')
#6 C:\xampp\htdocs\ashokas\system\CodeIgniter.php(410): CodeIgniter\CodeIgniter->runController(Object(App\Controllers\Lodge))
#7 C:\xampp\htdocs\ashokas\system\CodeIgniter.php(318): CodeIgniter\CodeIgniter->handleRequest(NULL, Object(Config\Cache), false)
#8 C:\xampp\htdocs\ashokas\index.php(37): CodeIgniter\CodeIgniter->run()
#9 {main}
CRITICAL - 2022-01-22 08:41:58 --> Class 'Date' not found
#0 C:\xampp\htdocs\ashokas\system\View\View.php(214): include()
#1 C:\xampp\htdocs\ashokas\system\View\View.php(217): CodeIgniter\View\View->CodeIgniter\View\{closure}()
#2 C:\xampp\htdocs\ashokas\system\Common.php(1097): CodeIgniter\View\View->render('lodge/invoice', Array, true)
#3 C:\xampp\htdocs\ashokas\app\Controllers\Lodge.php(231): view('lodge/invoice', Array)
#4 C:\xampp\htdocs\ashokas\system\CodeIgniter.php(824): App\Controllers\Lodge->invoice('473445')
#5 C:\xampp\htdocs\ashokas\system\CodeIgniter.php(410): CodeIgniter\CodeIgniter->runController(Object(App\Controllers\Lodge))
#6 C:\xampp\htdocs\ashokas\system\CodeIgniter.php(318): CodeIgniter\CodeIgniter->handleRequest(NULL, Object(Config\Cache), false)
#7 C:\xampp\htdocs\ashokas\index.php(37): CodeIgniter\CodeIgniter->run()
#8 {main}
CRITICAL - 2022-01-22 08:42:09 --> Class 'date' not found
#0 C:\xampp\htdocs\ashokas\system\View\View.php(214): include()
#1 C:\xampp\htdocs\ashokas\system\View\View.php(217): CodeIgniter\View\View->CodeIgniter\View\{closure}()
#2 C:\xampp\htdocs\ashokas\system\Common.php(1097): CodeIgniter\View\View->render('lodge/invoice', Array, true)
#3 C:\xampp\htdocs\ashokas\app\Controllers\Lodge.php(231): view('lodge/invoice', Array)
#4 C:\xampp\htdocs\ashokas\system\CodeIgniter.php(824): App\Controllers\Lodge->invoice('473445')
#5 C:\xampp\htdocs\ashokas\system\CodeIgniter.php(410): CodeIgniter\CodeIgniter->runController(Object(App\Controllers\Lodge))
#6 C:\xampp\htdocs\ashokas\system\CodeIgniter.php(318): CodeIgniter\CodeIgniter->handleRequest(NULL, Object(Config\Cache), false)
#7 C:\xampp\htdocs\ashokas\index.php(37): CodeIgniter\CodeIgniter->run()
#8 {main}
CRITICAL - 2022-01-22 08:45:40 --> syntax error, unexpected '->' (T_OBJECT_OPERATOR), expecting ')'
#0 C:\xampp\htdocs\ashokas\system\View\View.php(217): CodeIgniter\View\View->CodeIgniter\View\{closure}()
#1 C:\xampp\htdocs\ashokas\system\Common.php(1097): CodeIgniter\View\View->render('lodge/invoice', Array, true)
#2 C:\xampp\htdocs\ashokas\app\Controllers\Lodge.php(231): view('lodge/invoice', Array)
#3 C:\xampp\htdocs\ashokas\system\CodeIgniter.php(824): App\Controllers\Lodge->invoice('473445')
#4 C:\xampp\htdocs\ashokas\system\CodeIgniter.php(410): CodeIgniter\CodeIgniter->runController(Object(App\Controllers\Lodge))
#5 C:\xampp\htdocs\ashokas\system\CodeIgniter.php(318): CodeIgniter\CodeIgniter->handleRequest(NULL, Object(Config\Cache), false)
#6 C:\xampp\htdocs\ashokas\index.php(37): CodeIgniter\CodeIgniter->run()
#7 {main}
CRITICAL - 2022-01-22 08:48:43 --> syntax error, unexpected '$end' (T_VARIABLE)
#0 C:\xampp\htdocs\ashokas\system\View\View.php(217): CodeIgniter\View\View->CodeIgniter\View\{closure}()
#1 C:\xampp\htdocs\ashokas\system\Common.php(1097): CodeIgniter\View\View->render('lodge/invoice', Array, true)
#2 C:\xampp\htdocs\ashokas\app\Controllers\Lodge.php(231): view('lodge/invoice', Array)
#3 C:\xampp\htdocs\ashokas\system\CodeIgniter.php(824): App\Controllers\Lodge->invoice('473445')
#4 C:\xampp\htdocs\ashokas\system\CodeIgniter.php(410): CodeIgniter\CodeIgniter->runController(Object(App\Controllers\Lodge))
#5 C:\xampp\htdocs\ashokas\system\CodeIgniter.php(318): CodeIgniter\CodeIgniter->handleRequest(NULL, Object(Config\Cache), false)
#6 C:\xampp\htdocs\ashokas\index.php(37): CodeIgniter\CodeIgniter->run()
#7 {main}
CRITICAL - 2022-01-22 09:29:45 --> syntax error, unexpected '=', expecting ']'
#0 C:\xampp\htdocs\ashokas\system\Autoloader\Autoloader.php(241): CodeIgniter\Autoloader\Autoloader->includeFile('C:\\xampp\\htdocs...')
#1 C:\xampp\htdocs\ashokas\system\Autoloader\Autoloader.php(219): CodeIgniter\Autoloader\Autoloader->loadInNamespace('App\\Controllers...')
#2 [internal function]: CodeIgniter\Autoloader\Autoloader->loadClass('App\\Controllers...')
#3 [internal function]: spl_autoload_call('App\\Controllers...')
#4 C:\xampp\htdocs\ashokas\system\CodeIgniter.php(789): class_exists('\\App\\Controller...', true)
#5 C:\xampp\htdocs\ashokas\system\CodeIgniter.php(397): CodeIgniter\CodeIgniter->startController()
#6 C:\xampp\htdocs\ashokas\system\CodeIgniter.php(318): CodeIgniter\CodeIgniter->handleRequest(NULL, Object(Config\Cache), false)
#7 C:\xampp\htdocs\ashokas\index.php(37): CodeIgniter\CodeIgniter->run()
#8 {main}
CRITICAL - 2022-01-22 09:30:08 --> syntax error, unexpected '$this' (T_VARIABLE)
#0 C:\xampp\htdocs\ashokas\system\Autoloader\Autoloader.php(241): CodeIgniter\Autoloader\Autoloader->includeFile('C:\\xampp\\htdocs...')
#1 C:\xampp\htdocs\ashokas\system\Autoloader\Autoloader.php(219): CodeIgniter\Autoloader\Autoloader->loadInNamespace('App\\Controllers...')
#2 [internal function]: CodeIgniter\Autoloader\Autoloader->loadClass('App\\Controllers...')
#3 [internal function]: spl_autoload_call('App\\Controllers...')
#4 C:\xampp\htdocs\ashokas\system\CodeIgniter.php(789): class_exists('\\App\\Controller...', true)
#5 C:\xampp\htdocs\ashokas\system\CodeIgniter.php(397): CodeIgniter\CodeIgniter->startController()
#6 C:\xampp\htdocs\ashokas\system\CodeIgniter.php(318): CodeIgniter\CodeIgniter->handleRequest(NULL, Object(Config\Cache), false)
#7 C:\xampp\htdocs\ashokas\index.php(37): CodeIgniter\CodeIgniter->run()
#8 {main}
CRITICAL - 2022-01-22 09:33:53 --> Class 'App\Controllers\DateTime' not found
#0 C:\xampp\htdocs\ashokas\system\CodeIgniter.php(824): App\Controllers\Lodge->check_in()
#1 C:\xampp\htdocs\ashokas\system\CodeIgniter.php(410): CodeIgniter\CodeIgniter->runController(Object(App\Controllers\Lodge))
#2 C:\xampp\htdocs\ashokas\system\CodeIgniter.php(318): CodeIgniter\CodeIgniter->handleRequest(NULL, Object(Config\Cache), false)
#3 C:\xampp\htdocs\ashokas\index.php(37): CodeIgniter\CodeIgniter->run()
#4 {main}
CRITICAL - 2022-01-22 09:39:26 --> Call to a member function modify() on string
#0 C:\xampp\htdocs\ashokas\system\CodeIgniter.php(824): App\Controllers\Lodge->check_in()
#1 C:\xampp\htdocs\ashokas\system\CodeIgniter.php(410): CodeIgniter\CodeIgniter->runController(Object(App\Controllers\Lodge))
#2 C:\xampp\htdocs\ashokas\system\CodeIgniter.php(318): CodeIgniter\CodeIgniter->handleRequest(NULL, Object(Config\Cache), false)
#3 C:\xampp\htdocs\ashokas\index.php(37): CodeIgniter\CodeIgniter->run()
#4 {main}
CRITICAL - 2022-01-22 10:25:10 --> Call to a member function format() on array
#0 C:\xampp\htdocs\ashokas\system\View\View.php(214): include()
#1 C:\xampp\htdocs\ashokas\system\View\View.php(217): CodeIgniter\View\View->CodeIgniter\View\{closure}()
#2 C:\xampp\htdocs\ashokas\system\Common.php(1097): CodeIgniter\View\View->render('lodge/invoice', Array, true)
#3 C:\xampp\htdocs\ashokas\app\Controllers\Lodge.php(280): view('lodge/invoice', Array)
#4 C:\xampp\htdocs\ashokas\system\CodeIgniter.php(824): App\Controllers\Lodge->invoice('509851')
#5 C:\xampp\htdocs\ashokas\system\CodeIgniter.php(410): CodeIgniter\CodeIgniter->runController(Object(App\Controllers\Lodge))
#6 C:\xampp\htdocs\ashokas\system\CodeIgniter.php(318): CodeIgniter\CodeIgniter->handleRequest(NULL, Object(Config\Cache), false)
#7 C:\xampp\htdocs\ashokas\index.php(37): CodeIgniter\CodeIgniter->run()
#8 {main}
CRITICAL - 2022-01-22 10:25:55 --> Call to a member function format() on string
#0 C:\xampp\htdocs\ashokas\system\View\View.php(214): include()
#1 C:\xampp\htdocs\ashokas\system\View\View.php(217): CodeIgniter\View\View->CodeIgniter\View\{closure}()
#2 C:\xampp\htdocs\ashokas\system\Common.php(1097): CodeIgniter\View\View->render('lodge/invoice', Array, true)
#3 C:\xampp\htdocs\ashokas\app\Controllers\Lodge.php(280): view('lodge/invoice', Array)
#4 C:\xampp\htdocs\ashokas\system\CodeIgniter.php(824): App\Controllers\Lodge->invoice('509851')
#5 C:\xampp\htdocs\ashokas\system\CodeIgniter.php(410): CodeIgniter\CodeIgniter->runController(Object(App\Controllers\Lodge))
#6 C:\xampp\htdocs\ashokas\system\CodeIgniter.php(318): CodeIgniter\CodeIgniter->handleRequest(NULL, Object(Config\Cache), false)
#7 C:\xampp\htdocs\ashokas\index.php(37): CodeIgniter\CodeIgniter->run()
#8 {main}
CRITICAL - 2022-01-22 10:28:38 --> syntax error, unexpected ')', expecting ';' or ','
#0 C:\xampp\htdocs\ashokas\system\View\View.php(217): CodeIgniter\View\View->CodeIgniter\View\{closure}()
#1 C:\xampp\htdocs\ashokas\system\Common.php(1097): CodeIgniter\View\View->render('lodge/invoice', Array, true)
#2 C:\xampp\htdocs\ashokas\app\Controllers\Lodge.php(280): view('lodge/invoice', Array)
#3 C:\xampp\htdocs\ashokas\system\CodeIgniter.php(824): App\Controllers\Lodge->invoice('509851')
#4 C:\xampp\htdocs\ashokas\system\CodeIgniter.php(410): CodeIgniter\CodeIgniter->runController(Object(App\Controllers\Lodge))
#5 C:\xampp\htdocs\ashokas\system\CodeIgniter.php(318): CodeIgniter\CodeIgniter->handleRequest(NULL, Object(Config\Cache), false)
#6 C:\xampp\htdocs\ashokas\index.php(37): CodeIgniter\CodeIgniter->run()
#7 {main}
CRITICAL - 2022-01-22 10:38:31 --> Trying to access array offset on value of type bool
#0 C:\xampp\htdocs\ashokas\app\Views\lodge\invoice.php(19): CodeIgniter\Debug\Exceptions->errorHandler(8, 'Trying to acces...', 'C:\\xampp\\htdocs...', 19, Array)
#1 C:\xampp\htdocs\ashokas\system\View\View.php(214): include('C:\\xampp\\htdocs...')
#2 C:\xampp\htdocs\ashokas\system\View\View.php(217): CodeIgniter\View\View->CodeIgniter\View\{closure}()
#3 C:\xampp\htdocs\ashokas\system\Common.php(1097): CodeIgniter\View\View->render('lodge/invoice', Array, true)
#4 C:\xampp\htdocs\ashokas\app\Controllers\Lodge.php(284): view('lodge/invoice', Array)
#5 C:\xampp\htdocs\ashokas\system\CodeIgniter.php(824): App\Controllers\Lodge->invoice('509851')
#6 C:\xampp\htdocs\ashokas\system\CodeIgniter.php(410): CodeIgniter\CodeIgniter->runController(Object(App\Controllers\Lodge))
#7 C:\xampp\htdocs\ashokas\system\CodeIgniter.php(318): CodeIgniter\CodeIgniter->handleRequest(NULL, Object(Config\Cache), false)
#8 C:\xampp\htdocs\ashokas\index.php(37): CodeIgniter\CodeIgniter->run()
#9 {main}
CRITICAL - 2022-01-22 10:42:04 --> Array to string conversion
#0 C:\xampp\htdocs\ashokas\app\Views\lodge\invoice.php(137): CodeIgniter\Debug\Exceptions->errorHandler(8, 'Array to string...', 'C:\\xampp\\htdocs...', 137, Array)
#1 C:\xampp\htdocs\ashokas\system\View\View.php(214): include('C:\\xampp\\htdocs...')
#2 C:\xampp\htdocs\ashokas\system\View\View.php(217): CodeIgniter\View\View->CodeIgniter\View\{closure}()
#3 C:\xampp\htdocs\ashokas\system\Common.php(1097): CodeIgniter\View\View->render('lodge/invoice', Array, true)
#4 C:\xampp\htdocs\ashokas\app\Controllers\Lodge.php(284): view('lodge/invoice', Array)
#5 C:\xampp\htdocs\ashokas\system\CodeIgniter.php(824): App\Controllers\Lodge->invoice('207644')
#6 C:\xampp\htdocs\ashokas\system\CodeIgniter.php(410): CodeIgniter\CodeIgniter->runController(Object(App\Controllers\Lodge))
#7 C:\xampp\htdocs\ashokas\system\CodeIgniter.php(318): CodeIgniter\CodeIgniter->handleRequest(NULL, Object(Config\Cache), false)
#8 C:\xampp\htdocs\ashokas\index.php(37): CodeIgniter\CodeIgniter->run()
#9 {main}
CRITICAL - 2022-01-22 10:49:51 --> syntax error, unexpected '/'
#0 C:\xampp\htdocs\ashokas\system\View\View.php(217): CodeIgniter\View\View->CodeIgniter\View\{closure}()
#1 C:\xampp\htdocs\ashokas\system\Common.php(1097): CodeIgniter\View\View->render('lodge/invoice', Array, true)
#2 C:\xampp\htdocs\ashokas\app\Controllers\Lodge.php(284): view('lodge/invoice', Array)
#3 C:\xampp\htdocs\ashokas\system\CodeIgniter.php(824): App\Controllers\Lodge->invoice('207644')
#4 C:\xampp\htdocs\ashokas\system\CodeIgniter.php(410): CodeIgniter\CodeIgniter->runController(Object(App\Controllers\Lodge))
#5 C:\xampp\htdocs\ashokas\system\CodeIgniter.php(318): CodeIgniter\CodeIgniter->handleRequest(NULL, Object(Config\Cache), false)
#6 C:\xampp\htdocs\ashokas\index.php(37): CodeIgniter\CodeIgniter->run()
#7 {main}
CRITICAL - 2022-01-22 10:50:13 --> array_sum() expects parameter 1 to be array, string given
#0 [internal function]: CodeIgniter\Debug\Exceptions->errorHandler(2, 'array_sum() exp...', 'C:\\xampp\\htdocs...', 159, Array)
#1 C:\xampp\htdocs\ashokas\app\Views\lodge\invoice.php(159): array_sum('35000')
#2 C:\xampp\htdocs\ashokas\system\View\View.php(214): include('C:\\xampp\\htdocs...')
#3 C:\xampp\htdocs\ashokas\system\View\View.php(217): CodeIgniter\View\View->CodeIgniter\View\{closure}()
#4 C:\xampp\htdocs\ashokas\system\Common.php(1097): CodeIgniter\View\View->render('lodge/invoice', Array, true)
#5 C:\xampp\htdocs\ashokas\app\Controllers\Lodge.php(284): view('lodge/invoice', Array)
#6 C:\xampp\htdocs\ashokas\system\CodeIgniter.php(824): App\Controllers\Lodge->invoice('207644')
#7 C:\xampp\htdocs\ashokas\system\CodeIgniter.php(410): CodeIgniter\CodeIgniter->runController(Object(App\Controllers\Lodge))
#8 C:\xampp\htdocs\ashokas\system\CodeIgniter.php(318): CodeIgniter\CodeIgniter->handleRequest(NULL, Object(Config\Cache), false)
#9 C:\xampp\htdocs\ashokas\index.php(37): CodeIgniter\CodeIgniter->run()
#10 {main}
CRITICAL - 2022-01-22 10:52:55 --> Undefined index: amount
#0 C:\xampp\htdocs\ashokas\app\Views\lodge\invoice.php(159): CodeIgniter\Debug\Exceptions->errorHandler(8, 'Undefined index...', 'C:\\xampp\\htdocs...', 159, Array)
#1 C:\xampp\htdocs\ashokas\system\View\View.php(214): include('C:\\xampp\\htdocs...')
#2 C:\xampp\htdocs\ashokas\system\View\View.php(217): CodeIgniter\View\View->CodeIgniter\View\{closure}()
#3 C:\xampp\htdocs\ashokas\system\Common.php(1097): CodeIgniter\View\View->render('lodge/invoice', Array, true)
#4 C:\xampp\htdocs\ashokas\app\Controllers\Lodge.php(284): view('lodge/invoice', Array)
#5 C:\xampp\htdocs\ashokas\system\CodeIgniter.php(824): App\Controllers\Lodge->invoice('207644')
#6 C:\xampp\htdocs\ashokas\system\CodeIgniter.php(410): CodeIgniter\CodeIgniter->runController(Object(App\Controllers\Lodge))
#7 C:\xampp\htdocs\ashokas\system\CodeIgniter.php(318): CodeIgniter\CodeIgniter->handleRequest(NULL, Object(Config\Cache), false)
#8 C:\xampp\htdocs\ashokas\index.php(37): CodeIgniter\CodeIgniter->run()
#9 {main}
CRITICAL - 2022-01-22 10:53:28 --> Undefined index: amount
#0 C:\xampp\htdocs\ashokas\app\Views\lodge\invoice.php(173): CodeIgniter\Debug\Exceptions->errorHandler(8, 'Undefined index...', 'C:\\xampp\\htdocs...', 173, Array)
#1 C:\xampp\htdocs\ashokas\system\View\View.php(214): include('C:\\xampp\\htdocs...')
#2 C:\xampp\htdocs\ashokas\system\View\View.php(217): CodeIgniter\View\View->CodeIgniter\View\{closure}()
#3 C:\xampp\htdocs\ashokas\system\Common.php(1097): CodeIgniter\View\View->render('lodge/invoice', Array, true)
#4 C:\xampp\htdocs\ashokas\app\Controllers\Lodge.php(284): view('lodge/invoice', Array)
#5 C:\xampp\htdocs\ashokas\system\CodeIgniter.php(824): App\Controllers\Lodge->invoice('207644')
#6 C:\xampp\htdocs\ashokas\system\CodeIgniter.php(410): CodeIgniter\CodeIgniter->runController(Object(App\Controllers\Lodge))
#7 C:\xampp\htdocs\ashokas\system\CodeIgniter.php(318): CodeIgniter\CodeIgniter->handleRequest(NULL, Object(Config\Cache), false)
#8 C:\xampp\htdocs\ashokas\index.php(37): CodeIgniter\CodeIgniter->run()
#9 {main}
CRITICAL - 2022-01-22 10:54:15 --> array_sum() expects parameter 1 to be array, string given
#0 [internal function]: CodeIgniter\Debug\Exceptions->errorHandler(2, 'array_sum() exp...', 'C:\\xampp\\htdocs...', 173, Array)
#1 C:\xampp\htdocs\ashokas\app\Views\lodge\invoice.php(173): array_sum('45500')
#2 C:\xampp\htdocs\ashokas\system\View\View.php(214): include('C:\\xampp\\htdocs...')
#3 C:\xampp\htdocs\ashokas\system\View\View.php(217): CodeIgniter\View\View->CodeIgniter\View\{closure}()
#4 C:\xampp\htdocs\ashokas\system\Common.php(1097): CodeIgniter\View\View->render('lodge/invoice', Array, true)
#5 C:\xampp\htdocs\ashokas\app\Controllers\Lodge.php(284): view('lodge/invoice', Array)
#6 C:\xampp\htdocs\ashokas\system\CodeIgniter.php(824): App\Controllers\Lodge->invoice('207644')
#7 C:\xampp\htdocs\ashokas\system\CodeIgniter.php(410): CodeIgniter\CodeIgniter->runController(Object(App\Controllers\Lodge))
#8 C:\xampp\htdocs\ashokas\system\CodeIgniter.php(318): CodeIgniter\CodeIgniter->handleRequest(NULL, Object(Config\Cache), false)
#9 C:\xampp\htdocs\ashokas\index.php(37): CodeIgniter\CodeIgniter->run()
#10 {main}
CRITICAL - 2022-01-22 11:03:28 --> Invalid argument supplied for foreach()
#0 C:\xampp\htdocs\ashokas\app\Views\lodge\invoice.php(160): CodeIgniter\Debug\Exceptions->errorHandler(2, 'Invalid argumen...', 'C:\\xampp\\htdocs...', 160, Array)
#1 C:\xampp\htdocs\ashokas\system\View\View.php(214): include('C:\\xampp\\htdocs...')
#2 C:\xampp\htdocs\ashokas\system\View\View.php(217): CodeIgniter\View\View->CodeIgniter\View\{closure}()
#3 C:\xampp\htdocs\ashokas\system\Common.php(1097): CodeIgniter\View\View->render('lodge/invoice', Array, true)
#4 C:\xampp\htdocs\ashokas\app\Controllers\Lodge.php(284): view('lodge/invoice', Array)
#5 C:\xampp\htdocs\ashokas\system\CodeIgniter.php(824): App\Controllers\Lodge->invoice('207644')
#6 C:\xampp\htdocs\ashokas\system\CodeIgniter.php(410): CodeIgniter\CodeIgniter->runController(Object(App\Controllers\Lodge))
#7 C:\xampp\htdocs\ashokas\system\CodeIgniter.php(318): CodeIgniter\CodeIgniter->handleRequest(NULL, Object(Config\Cache), false)
#8 C:\xampp\htdocs\ashokas\index.php(37): CodeIgniter\CodeIgniter->run()
#9 {main}
CRITICAL - 2022-01-22 11:07:49 --> Undefined variable: value
#0 C:\xampp\htdocs\ashokas\app\Controllers\Food.php(233): CodeIgniter\Debug\Exceptions->errorHandler(8, 'Undefined varia...', 'C:\\xampp\\htdocs...', 233, Array)
#1 C:\xampp\htdocs\ashokas\system\CodeIgniter.php(824): App\Controllers\Food->create()
#2 C:\xampp\htdocs\ashokas\system\CodeIgniter.php(410): CodeIgniter\CodeIgniter->runController(Object(App\Controllers\Food))
#3 C:\xampp\htdocs\ashokas\system\CodeIgniter.php(318): CodeIgniter\CodeIgniter->handleRequest(NULL, Object(Config\Cache), false)
#4 C:\xampp\htdocs\ashokas\index.php(37): CodeIgniter\CodeIgniter->run()
#5 {main}
CRITICAL - 2022-01-22 11:09:19 --> Undefined property: App\Controllers\Food::$transactionModel
#0 C:\xampp\htdocs\ashokas\app\Controllers\Food.php(235): CodeIgniter\Debug\Exceptions->errorHandler(8, 'Undefined prope...', 'C:\\xampp\\htdocs...', 235, Array)
#1 C:\xampp\htdocs\ashokas\system\CodeIgniter.php(824): App\Controllers\Food->create()
#2 C:\xampp\htdocs\ashokas\system\CodeIgniter.php(410): CodeIgniter\CodeIgniter->runController(Object(App\Controllers\Food))
#3 C:\xampp\htdocs\ashokas\system\CodeIgniter.php(318): CodeIgniter\CodeIgniter->handleRequest(NULL, Object(Config\Cache), false)
#4 C:\xampp\htdocs\ashokas\index.php(37): CodeIgniter\CodeIgniter->run()
#5 {main}
CRITICAL - 2022-01-22 11:14:14 --> Invalid argument supplied for foreach()
#0 C:\xampp\htdocs\ashokas\app\Views\lodge\invoice.php(160): CodeIgniter\Debug\Exceptions->errorHandler(2, 'Invalid argumen...', 'C:\\xampp\\htdocs...', 160, Array)
#1 C:\xampp\htdocs\ashokas\system\View\View.php(214): include('C:\\xampp\\htdocs...')
#2 C:\xampp\htdocs\ashokas\system\View\View.php(217): CodeIgniter\View\View->CodeIgniter\View\{closure}()
#3 C:\xampp\htdocs\ashokas\system\Common.php(1097): CodeIgniter\View\View->render('lodge/invoice', Array, true)
#4 C:\xampp\htdocs\ashokas\app\Controllers\Lodge.php(284): view('lodge/invoice', Array)
#5 C:\xampp\htdocs\ashokas\system\CodeIgniter.php(824): App\Controllers\Lodge->invoice('207644')
#6 C:\xampp\htdocs\ashokas\system\CodeIgniter.php(410): CodeIgniter\CodeIgniter->runController(Object(App\Controllers\Lodge))
#7 C:\xampp\htdocs\ashokas\system\CodeIgniter.php(318): CodeIgniter\CodeIgniter->handleRequest(NULL, Object(Config\Cache), false)
#8 C:\xampp\htdocs\ashokas\index.php(37): CodeIgniter\CodeIgniter->run()
#9 {main}
CRITICAL - 2022-01-22 11:19:30 --> syntax error, unexpected '?>'
#0 C:\xampp\htdocs\ashokas\system\View\View.php(217): CodeIgniter\View\View->CodeIgniter\View\{closure}()
#1 C:\xampp\htdocs\ashokas\system\Common.php(1097): CodeIgniter\View\View->render('lodge/invoice', Array, true)
#2 C:\xampp\htdocs\ashokas\app\Controllers\Lodge.php(284): view('lodge/invoice', Array)
#3 C:\xampp\htdocs\ashokas\system\CodeIgniter.php(824): App\Controllers\Lodge->invoice('207644')
#4 C:\xampp\htdocs\ashokas\system\CodeIgniter.php(410): CodeIgniter\CodeIgniter->runController(Object(App\Controllers\Lodge))
#5 C:\xampp\htdocs\ashokas\system\CodeIgniter.php(318): CodeIgniter\CodeIgniter->handleRequest(NULL, Object(Config\Cache), false)
#6 C:\xampp\htdocs\ashokas\index.php(37): CodeIgniter\CodeIgniter->run()
#7 {main}
CRITICAL - 2022-01-22 11:32:18 --> count(): Parameter must be an array or an object that implements Countable
#0 C:\xampp\htdocs\ashokas\app\Views\lodge\invoice.php(161): CodeIgniter\Debug\Exceptions->errorHandler(2, 'count(): Parame...', 'C:\\xampp\\htdocs...', 161, Array)
#1 C:\xampp\htdocs\ashokas\system\View\View.php(214): include('C:\\xampp\\htdocs...')
#2 C:\xampp\htdocs\ashokas\system\View\View.php(217): CodeIgniter\View\View->CodeIgniter\View\{closure}()
#3 C:\xampp\htdocs\ashokas\system\Common.php(1097): CodeIgniter\View\View->render('lodge/invoice', Array, true)
#4 C:\xampp\htdocs\ashokas\app\Controllers\Lodge.php(284): view('lodge/invoice', Array)
#5 C:\xampp\htdocs\ashokas\system\CodeIgniter.php(824): App\Controllers\Lodge->invoice('207644')
#6 C:\xampp\htdocs\ashokas\system\CodeIgniter.php(410): CodeIgniter\CodeIgniter->runController(Object(App\Controllers\Lodge))
#7 C:\xampp\htdocs\ashokas\system\CodeIgniter.php(318): CodeIgniter\CodeIgniter->handleRequest(NULL, Object(Config\Cache), false)
#8 C:\xampp\htdocs\ashokas\index.php(37): CodeIgniter\CodeIgniter->run()
#9 {main}
CRITICAL - 2022-01-22 11:33:18 --> Undefined index: date
#0 C:\xampp\htdocs\ashokas\app\Views\lodge\invoice.php(161): CodeIgniter\Debug\Exceptions->errorHandler(8, 'Undefined index...', 'C:\\xampp\\htdocs...', 161, Array)
#1 C:\xampp\htdocs\ashokas\system\View\View.php(214): include('C:\\xampp\\htdocs...')
#2 C:\xampp\htdocs\ashokas\system\View\View.php(217): CodeIgniter\View\View->CodeIgniter\View\{closure}()
#3 C:\xampp\htdocs\ashokas\system\Common.php(1097): CodeIgniter\View\View->render('lodge/invoice', Array, true)
#4 C:\xampp\htdocs\ashokas\app\Controllers\Lodge.php(284): view('lodge/invoice', Array)
#5 C:\xampp\htdocs\ashokas\system\CodeIgniter.php(824): App\Controllers\Lodge->invoice('207644')
#6 C:\xampp\htdocs\ashokas\system\CodeIgniter.php(410): CodeIgniter\CodeIgniter->runController(Object(App\Controllers\Lodge))
#7 C:\xampp\htdocs\ashokas\system\CodeIgniter.php(318): CodeIgniter\CodeIgniter->handleRequest(NULL, Object(Config\Cache), false)
#8 C:\xampp\htdocs\ashokas\index.php(37): CodeIgniter\CodeIgniter->run()
#9 {main}
CRITICAL - 2022-01-22 11:33:41 --> Use of undefined constant date - assumed 'date' (this will throw an Error in a future version of PHP)
#0 C:\xampp\htdocs\ashokas\app\Views\lodge\invoice.php(161): CodeIgniter\Debug\Exceptions->errorHandler(2, 'Use of undefine...', 'C:\\xampp\\htdocs...', 161, Array)
#1 C:\xampp\htdocs\ashokas\system\View\View.php(214): include('C:\\xampp\\htdocs...')
#2 C:\xampp\htdocs\ashokas\system\View\View.php(217): CodeIgniter\View\View->CodeIgniter\View\{closure}()
#3 C:\xampp\htdocs\ashokas\system\Common.php(1097): CodeIgniter\View\View->render('lodge/invoice', Array, true)
#4 C:\xampp\htdocs\ashokas\app\Controllers\Lodge.php(284): view('lodge/invoice', Array)
#5 C:\xampp\htdocs\ashokas\system\CodeIgniter.php(824): App\Controllers\Lodge->invoice('207644')
#6 C:\xampp\htdocs\ashokas\system\CodeIgniter.php(410): CodeIgniter\CodeIgniter->runController(Object(App\Controllers\Lodge))
#7 C:\xampp\htdocs\ashokas\system\CodeIgniter.php(318): CodeIgniter\CodeIgniter->handleRequest(NULL, Object(Config\Cache), false)
#8 C:\xampp\htdocs\ashokas\index.php(37): CodeIgniter\CodeIgniter->run()
#9 {main}
CRITICAL - 2022-01-22 11:40:11 --> Array to string conversion
#0 C:\xampp\htdocs\ashokas\app\Views\lodge\invoice.php(160): CodeIgniter\Debug\Exceptions->errorHandler(8, 'Array to string...', 'C:\\xampp\\htdocs...', 160, Array)
#1 C:\xampp\htdocs\ashokas\system\View\View.php(214): include('C:\\xampp\\htdocs...')
#2 C:\xampp\htdocs\ashokas\system\View\View.php(217): CodeIgniter\View\View->CodeIgniter\View\{closure}()
#3 C:\xampp\htdocs\ashokas\system\Common.php(1097): CodeIgniter\View\View->render('lodge/invoice', Array, true)
#4 C:\xampp\htdocs\ashokas\app\Controllers\Lodge.php(285): view('lodge/invoice', Array)
#5 C:\xampp\htdocs\ashokas\system\CodeIgniter.php(824): App\Controllers\Lodge->invoice('207644')
#6 C:\xampp\htdocs\ashokas\system\CodeIgniter.php(410): CodeIgniter\CodeIgniter->runController(Object(App\Controllers\Lodge))
#7 C:\xampp\htdocs\ashokas\system\CodeIgniter.php(318): CodeIgniter\CodeIgniter->handleRequest(NULL, Object(Config\Cache), false)
#8 C:\xampp\htdocs\ashokas\index.php(37): CodeIgniter\CodeIgniter->run()
#9 {main}
CRITICAL - 2022-01-22 11:41:34 --> Illegal string offset 'amount'
#0 C:\xampp\htdocs\ashokas\app\Views\lodge\invoice.php(161): CodeIgniter\Debug\Exceptions->errorHandler(2, 'Illegal string ...', 'C:\\xampp\\htdocs...', 161, Array)
#1 C:\xampp\htdocs\ashokas\system\View\View.php(214): include('C:\\xampp\\htdocs...')
#2 C:\xampp\htdocs\ashokas\system\View\View.php(217): CodeIgniter\View\View->CodeIgniter\View\{closure}()
#3 C:\xampp\htdocs\ashokas\system\Common.php(1097): CodeIgniter\View\View->render('lodge/invoice', Array, true)
#4 C:\xampp\htdocs\ashokas\app\Controllers\Lodge.php(285): view('lodge/invoice', Array)
#5 C:\xampp\htdocs\ashokas\system\CodeIgniter.php(824): App\Controllers\Lodge->invoice('207644')
#6 C:\xampp\htdocs\ashokas\system\CodeIgniter.php(410): CodeIgniter\CodeIgniter->runController(Object(App\Controllers\Lodge))
#7 C:\xampp\htdocs\ashokas\system\CodeIgniter.php(318): CodeIgniter\CodeIgniter->handleRequest(NULL, Object(Config\Cache), false)
#8 C:\xampp\htdocs\ashokas\index.php(37): CodeIgniter\CodeIgniter->run()
#9 {main}
CRITICAL - 2022-01-22 11:43:03 --> Object of class CodeIgniter\Database\MySQLi\Result could not be converted to string
#0 C:\xampp\htdocs\ashokas\system\View\View.php(214): include()
#1 C:\xampp\htdocs\ashokas\system\View\View.php(217): CodeIgniter\View\View->CodeIgniter\View\{closure}()
#2 C:\xampp\htdocs\ashokas\system\Common.php(1097): CodeIgniter\View\View->render('lodge/invoice', Array, true)
#3 C:\xampp\htdocs\ashokas\app\Controllers\Lodge.php(285): view('lodge/invoice', Array)
#4 C:\xampp\htdocs\ashokas\system\CodeIgniter.php(824): App\Controllers\Lodge->invoice('207644')
#5 C:\xampp\htdocs\ashokas\system\CodeIgniter.php(410): CodeIgniter\CodeIgniter->runController(Object(App\Controllers\Lodge))
#6 C:\xampp\htdocs\ashokas\system\CodeIgniter.php(318): CodeIgniter\CodeIgniter->handleRequest(NULL, Object(Config\Cache), false)
#7 C:\xampp\htdocs\ashokas\index.php(37): CodeIgniter\CodeIgniter->run()
#8 {main}
CRITICAL - 2022-01-22 11:45:13 --> syntax error, unexpected ','
#0 C:\xampp\htdocs\ashokas\system\Autoloader\Autoloader.php(241): CodeIgniter\Autoloader\Autoloader->includeFile('C:\\xampp\\htdocs...')
#1 C:\xampp\htdocs\ashokas\system\Autoloader\Autoloader.php(219): CodeIgniter\Autoloader\Autoloader->loadInNamespace('App\\Controllers...')
#2 [internal function]: CodeIgniter\Autoloader\Autoloader->loadClass('App\\Controllers...')
#3 [internal function]: spl_autoload_call('App\\Controllers...')
#4 C:\xampp\htdocs\ashokas\system\CodeIgniter.php(789): class_exists('\\App\\Controller...', true)
#5 C:\xampp\htdocs\ashokas\system\CodeIgniter.php(397): CodeIgniter\CodeIgniter->startController()
#6 C:\xampp\htdocs\ashokas\system\CodeIgniter.php(318): CodeIgniter\CodeIgniter->handleRequest(NULL, Object(Config\Cache), false)
#7 C:\xampp\htdocs\ashokas\index.php(37): CodeIgniter\CodeIgniter->run()
#8 {main}
CRITICAL - 2022-01-22 11:45:28 --> Array to string conversion
#0 C:\xampp\htdocs\ashokas\app\Controllers\Lodge.php(286): CodeIgniter\Debug\Exceptions->errorHandler(8, 'Array to string...', 'C:\\xampp\\htdocs...', 286, Array)
#1 C:\xampp\htdocs\ashokas\system\CodeIgniter.php(824): App\Controllers\Lodge->invoice('207644')
#2 C:\xampp\htdocs\ashokas\system\CodeIgniter.php(410): CodeIgniter\CodeIgniter->runController(Object(App\Controllers\Lodge))
#3 C:\xampp\htdocs\ashokas\system\CodeIgniter.php(318): CodeIgniter\CodeIgniter->handleRequest(NULL, Object(Config\Cache), false)
#4 C:\xampp\htdocs\ashokas\index.php(37): CodeIgniter\CodeIgniter->run()
#5 {main}
CRITICAL - 2022-01-22 11:45:44 --> Cannot use [] for reading
#0 [internal function]: CodeIgniter\Debug\Exceptions->shutdownHandler()
#1 {main}
CRITICAL - 2022-01-22 11:45:58 --> Illegal string offset 'amount'
#0 C:\xampp\htdocs\ashokas\app\Views\lodge\invoice.php(161): CodeIgniter\Debug\Exceptions->errorHandler(2, 'Illegal string ...', 'C:\\xampp\\htdocs...', 161, Array)
#1 C:\xampp\htdocs\ashokas\system\View\View.php(214): include('C:\\xampp\\htdocs...')
#2 C:\xampp\htdocs\ashokas\system\View\View.php(217): CodeIgniter\View\View->CodeIgniter\View\{closure}()
#3 C:\xampp\htdocs\ashokas\system\Common.php(1097): CodeIgniter\View\View->render('lodge/invoice', Array, true)
#4 C:\xampp\htdocs\ashokas\app\Controllers\Lodge.php(287): view('lodge/invoice', Array)
#5 C:\xampp\htdocs\ashokas\system\CodeIgniter.php(824): App\Controllers\Lodge->invoice('207644')
#6 C:\xampp\htdocs\ashokas\system\CodeIgniter.php(410): CodeIgniter\CodeIgniter->runController(Object(App\Controllers\Lodge))
#7 C:\xampp\htdocs\ashokas\system\CodeIgniter.php(318): CodeIgniter\CodeIgniter->handleRequest(NULL, Object(Config\Cache), false)
#8 C:\xampp\htdocs\ashokas\index.php(37): CodeIgniter\CodeIgniter->run()
#9 {main}
CRITICAL - 2022-01-22 11:46:46 --> Illegal string offset 'amount'
#0 C:\xampp\htdocs\ashokas\app\Views\lodge\invoice.php(161): CodeIgniter\Debug\Exceptions->errorHandler(2, 'Illegal string ...', 'C:\\xampp\\htdocs...', 161, Array)
#1 C:\xampp\htdocs\ashokas\system\View\View.php(214): include('C:\\xampp\\htdocs...')
#2 C:\xampp\htdocs\ashokas\system\View\View.php(217): CodeIgniter\View\View->CodeIgniter\View\{closure}()
#3 C:\xampp\htdocs\ashokas\system\Common.php(1097): CodeIgniter\View\View->render('lodge/invoice', Array, true)
#4 C:\xampp\htdocs\ashokas\app\Controllers\Lodge.php(287): view('lodge/invoice', Array)
#5 C:\xampp\htdocs\ashokas\system\CodeIgniter.php(824): App\Controllers\Lodge->invoice('207644')
#6 C:\xampp\htdocs\ashokas\system\CodeIgniter.php(410): CodeIgniter\CodeIgniter->runController(Object(App\Controllers\Lodge))
#7 C:\xampp\htdocs\ashokas\system\CodeIgniter.php(318): CodeIgniter\CodeIgniter->handleRequest(NULL, Object(Config\Cache), false)
#8 C:\xampp\htdocs\ashokas\index.php(37): CodeIgniter\CodeIgniter->run()
#9 {main}
CRITICAL - 2022-01-22 11:52:57 --> Undefined variable: sumAmount
#0 C:\xampp\htdocs\ashokas\app\Views\lodge\invoice.php(160): CodeIgniter\Debug\Exceptions->errorHandler(8, 'Undefined varia...', 'C:\\xampp\\htdocs...', 160, Array)
#1 C:\xampp\htdocs\ashokas\system\View\View.php(214): include('C:\\xampp\\htdocs...')
#2 C:\xampp\htdocs\ashokas\system\View\View.php(217): CodeIgniter\View\View->CodeIgniter\View\{closure}()
#3 C:\xampp\htdocs\ashokas\system\Common.php(1097): CodeIgniter\View\View->render('lodge/invoice', Array, true)
#4 C:\xampp\htdocs\ashokas\app\Controllers\Lodge.php(286): view('lodge/invoice', Array)
#5 C:\xampp\htdocs\ashokas\system\CodeIgniter.php(824): App\Controllers\Lodge->invoice('207644')
#6 C:\xampp\htdocs\ashokas\system\CodeIgniter.php(410): CodeIgniter\CodeIgniter->runController(Object(App\Controllers\Lodge))
#7 C:\xampp\htdocs\ashokas\system\CodeIgniter.php(318): CodeIgniter\CodeIgniter->handleRequest(NULL, Object(Config\Cache), false)
#8 C:\xampp\htdocs\ashokas\index.php(37): CodeIgniter\CodeIgniter->run()
#9 {main}
CRITICAL - 2022-01-22 12:30:47 --> array_sum() expects parameter 1 to be array, string given
#0 [internal function]: CodeIgniter\Debug\Exceptions->errorHandler(2, 'array_sum() exp...', 'C:\\xampp\\htdocs...', 165, Array)
#1 C:\xampp\htdocs\ashokas\app\Views\lodge\invoice.php(165): array_sum('35000')
#2 C:\xampp\htdocs\ashokas\system\View\View.php(214): include('C:\\xampp\\htdocs...')
#3 C:\xampp\htdocs\ashokas\system\View\View.php(217): CodeIgniter\View\View->CodeIgniter\View\{closure}()
#4 C:\xampp\htdocs\ashokas\system\Common.php(1097): CodeIgniter\View\View->render('lodge/invoice', Array, true)
#5 C:\xampp\htdocs\ashokas\app\Controllers\Lodge.php(288): view('lodge/invoice', Array)
#6 C:\xampp\htdocs\ashokas\system\CodeIgniter.php(824): App\Controllers\Lodge->invoice('207644')
#7 C:\xampp\htdocs\ashokas\system\CodeIgniter.php(410): CodeIgniter\CodeIgniter->runController(Object(App\Controllers\Lodge))
#8 C:\xampp\htdocs\ashokas\system\CodeIgniter.php(318): CodeIgniter\CodeIgniter->handleRequest(NULL, Object(Config\Cache), false)
#9 C:\xampp\htdocs\ashokas\index.php(37): CodeIgniter\CodeIgniter->run()
#10 {main}
CRITICAL - 2022-01-22 13:02:54 --> Undefined variable: f
#0 C:\xampp\htdocs\ashokas\app\Views\lodge\receipt.php(98): CodeIgniter\Debug\Exceptions->errorHandler(8, 'Undefined varia...', 'C:\\xampp\\htdocs...', 98, Array)
#1 C:\xampp\htdocs\ashokas\system\View\View.php(214): include('C:\\xampp\\htdocs...')
#2 C:\xampp\htdocs\ashokas\system\View\View.php(217): CodeIgniter\View\View->CodeIgniter\View\{closure}()
#3 C:\xampp\htdocs\ashokas\system\Common.php(1097): CodeIgniter\View\View->render('lodge/receipt', Array, true)
#4 C:\xampp\htdocs\ashokas\app\Controllers\Lodge.php(307): view('lodge/receipt', Array)
#5 C:\xampp\htdocs\ashokas\system\CodeIgniter.php(824): App\Controllers\Lodge->receipt('467684')
#6 C:\xampp\htdocs\ashokas\system\CodeIgniter.php(410): CodeIgniter\CodeIgniter->runController(Object(App\Controllers\Lodge))
#7 C:\xampp\htdocs\ashokas\system\CodeIgniter.php(318): CodeIgniter\CodeIgniter->handleRequest(NULL, Object(Config\Cache), false)
#8 C:\xampp\htdocs\ashokas\index.php(37): CodeIgniter\CodeIgniter->run()
#9 {main}
CRITICAL - 2022-01-22 13:03:17 --> Call to undefined function setTextAttribute()
#0 C:\xampp\htdocs\ashokas\system\View\View.php(214): include()
#1 C:\xampp\htdocs\ashokas\system\View\View.php(217): CodeIgniter\View\View->CodeIgniter\View\{closure}()
#2 C:\xampp\htdocs\ashokas\system\Common.php(1097): CodeIgniter\View\View->render('lodge/receipt', Array, true)
#3 C:\xampp\htdocs\ashokas\app\Controllers\Lodge.php(307): view('lodge/receipt', Array)
#4 C:\xampp\htdocs\ashokas\system\CodeIgniter.php(824): App\Controllers\Lodge->receipt('467684')
#5 C:\xampp\htdocs\ashokas\system\CodeIgniter.php(410): CodeIgniter\CodeIgniter->runController(Object(App\Controllers\Lodge))
#6 C:\xampp\htdocs\ashokas\system\CodeIgniter.php(318): CodeIgniter\CodeIgniter->handleRequest(NULL, Object(Config\Cache), false)
#7 C:\xampp\htdocs\ashokas\index.php(37): CodeIgniter\CodeIgniter->run()
#8 {main}
CRITICAL - 2022-01-22 13:09:40 --> Undefined variable: lodge_no
#0 C:\xampp\htdocs\ashokas\app\Controllers\Lodge.php(247): CodeIgniter\Debug\Exceptions->errorHandler(8, 'Undefined varia...', 'C:\\xampp\\htdocs...', 247, Array)
#1 C:\xampp\htdocs\ashokas\system\CodeIgniter.php(824): App\Controllers\Lodge->history()
#2 C:\xampp\htdocs\ashokas\system\CodeIgniter.php(410): CodeIgniter\CodeIgniter->runController(Object(App\Controllers\Lodge))
#3 C:\xampp\htdocs\ashokas\system\CodeIgniter.php(318): CodeIgniter\CodeIgniter->handleRequest(NULL, Object(Config\Cache), false)
#4 C:\xampp\htdocs\ashokas\index.php(37): CodeIgniter\CodeIgniter->run()
#5 {main}
CRITICAL - 2022-01-22 18:02:11 --> preg_match(): Compilation failed: missing closing parenthesis at offset 14
#0 [internal function]: CodeIgniter\Debug\Exceptions->errorHandler(2, 'preg_match(): C...', 'C:\\xampp\\htdocs...', 385, Array)
#1 C:\xampp\htdocs\ashokas\system\Router\Router.php(385): preg_match('#^swap/([0-9]+$...', 'swap/467684', Array)
#2 C:\xampp\htdocs\ashokas\system\Router\Router.php(155): CodeIgniter\Router\Router->checkRoutes('swap/467684')
#3 C:\xampp\htdocs\ashokas\system\CodeIgniter.php(718): CodeIgniter\Router\Router->handle('/swap/467684')
#4 C:\xampp\htdocs\ashokas\system\CodeIgniter.php(359): CodeIgniter\CodeIgniter->tryToRouteIt(Object(CodeIgniter\Router\RouteCollection))
#5 C:\xampp\htdocs\ashokas\system\CodeIgniter.php(318): CodeIgniter\CodeIgniter->handleRequest(NULL, Object(Config\Cache), false)
#6 C:\xampp\htdocs\ashokas\index.php(37): CodeIgniter\CodeIgniter->run()
#7 {main}
CRITICAL - 2022-01-22 18:02:22 --> preg_match(): Compilation failed: missing closing parenthesis at offset 14
#0 [internal function]: CodeIgniter\Debug\Exceptions->errorHandler(2, 'preg_match(): C...', 'C:\\xampp\\htdocs...', 385, Array)
#1 C:\xampp\htdocs\ashokas\system\Router\Router.php(385): preg_match('#^swap/([0-9]+$...', 'swap/207644', Array)
#2 C:\xampp\htdocs\ashokas\system\Router\Router.php(155): CodeIgniter\Router\Router->checkRoutes('swap/207644')
#3 C:\xampp\htdocs\ashokas\system\CodeIgniter.php(718): CodeIgniter\Router\Router->handle('/swap/207644')
#4 C:\xampp\htdocs\ashokas\system\CodeIgniter.php(359): CodeIgniter\CodeIgniter->tryToRouteIt(Object(CodeIgniter\Router\RouteCollection))
#5 C:\xampp\htdocs\ashokas\system\CodeIgniter.php(318): CodeIgniter\CodeIgniter->handleRequest(NULL, Object(Config\Cache), false)
#6 C:\xampp\htdocs\ashokas\index.php(37): CodeIgniter\CodeIgniter->run()
#7 {main}
CRITICAL - 2022-01-22 18:07:46 --> Undefined index: id
#0 C:\xampp\htdocs\ashokas\app\Views\lodge\swap.php(37): CodeIgniter\Debug\Exceptions->errorHandler(8, 'Undefined index...', 'C:\\xampp\\htdocs...', 37, Array)
#1 C:\xampp\htdocs\ashokas\system\View\View.php(214): include('C:\\xampp\\htdocs...')
#2 C:\xampp\htdocs\ashokas\system\View\View.php(217): CodeIgniter\View\View->CodeIgniter\View\{closure}()
#3 C:\xampp\htdocs\ashokas\system\Common.php(1097): CodeIgniter\View\View->render('lodge/swap', Array, true)
#4 C:\xampp\htdocs\ashokas\app\Controllers\Lodge.php(348): view('lodge/swap', Array)
#5 C:\xampp\htdocs\ashokas\system\CodeIgniter.php(824): App\Controllers\Lodge->swap_room('207644')
#6 C:\xampp\htdocs\ashokas\system\CodeIgniter.php(410): CodeIgniter\CodeIgniter->runController(Object(App\Controllers\Lodge))
#7 C:\xampp\htdocs\ashokas\system\CodeIgniter.php(318): CodeIgniter\CodeIgniter->handleRequest(NULL, Object(Config\Cache), false)
#8 C:\xampp\htdocs\ashokas\index.php(37): CodeIgniter\CodeIgniter->run()
#9 {main}
CRITICAL - 2022-01-22 18:36:31 --> syntax error, unexpected 'endforeach' (T_ENDFOREACH), expecting elseif (T_ELSEIF) or else (T_ELSE) or endif (T_ENDIF)
#0 C:\xampp\htdocs\ashokas\system\View\View.php(217): CodeIgniter\View\View->CodeIgniter\View\{closure}()
#1 C:\xampp\htdocs\ashokas\system\Common.php(1097): CodeIgniter\View\View->render('lodge/swap', Array, true)
#2 C:\xampp\htdocs\ashokas\app\Controllers\Lodge.php(348): view('lodge/swap', Array)
#3 C:\xampp\htdocs\ashokas\system\CodeIgniter.php(824): App\Controllers\Lodge->swap_room('467684')
#4 C:\xampp\htdocs\ashokas\system\CodeIgniter.php(410): CodeIgniter\CodeIgniter->runController(Object(App\Controllers\Lodge))
#5 C:\xampp\htdocs\ashokas\system\CodeIgniter.php(318): CodeIgniter\CodeIgniter->handleRequest(NULL, Object(Config\Cache), false)
#6 C:\xampp\htdocs\ashokas\index.php(37): CodeIgniter\CodeIgniter->run()
#7 {main}
CRITICAL - 2022-01-22 19:01:24 --> syntax error, unexpected '$lodge_data' (T_VARIABLE), expecting ')'
#0 C:\xampp\htdocs\ashokas\system\View\View.php(217): CodeIgniter\View\View->CodeIgniter\View\{closure}()
#1 C:\xampp\htdocs\ashokas\system\Common.php(1097): CodeIgniter\View\View->render('lodge/swap', Array, true)
#2 C:\xampp\htdocs\ashokas\app\Controllers\Lodge.php(348): view('lodge/swap', Array)
#3 C:\xampp\htdocs\ashokas\system\CodeIgniter.php(824): App\Controllers\Lodge->swap_room('467684')
#4 C:\xampp\htdocs\ashokas\system\CodeIgniter.php(410): CodeIgniter\CodeIgniter->runController(Object(App\Controllers\Lodge))
#5 C:\xampp\htdocs\ashokas\system\CodeIgniter.php(318): CodeIgniter\CodeIgniter->handleRequest(NULL, Object(Config\Cache), false)
#6 C:\xampp\htdocs\ashokas\index.php(37): CodeIgniter\CodeIgniter->run()
#7 {main}
CRITICAL - 2022-01-22 19:10:04 --> syntax error, unexpected 'return' (T_RETURN)
#0 C:\xampp\htdocs\ashokas\system\Autoloader\Autoloader.php(241): CodeIgniter\Autoloader\Autoloader->includeFile('C:\\xampp\\htdocs...')
#1 C:\xampp\htdocs\ashokas\system\Autoloader\Autoloader.php(219): CodeIgniter\Autoloader\Autoloader->loadInNamespace('App\\Controllers...')
#2 [internal function]: CodeIgniter\Autoloader\Autoloader->loadClass('App\\Controllers...')
#3 [internal function]: spl_autoload_call('App\\Controllers...')
#4 C:\xampp\htdocs\ashokas\system\CodeIgniter.php(789): class_exists('\\App\\Controller...', true)
#5 C:\xampp\htdocs\ashokas\system\CodeIgniter.php(397): CodeIgniter\CodeIgniter->startController()
#6 C:\xampp\htdocs\ashokas\system\CodeIgniter.php(318): CodeIgniter\CodeIgniter->handleRequest(NULL, Object(Config\Cache), false)
#7 C:\xampp\htdocs\ashokas\index.php(37): CodeIgniter\CodeIgniter->run()
#8 {main}
CRITICAL - 2022-01-22 19:22:47 --> syntax error, unexpected 'if' (T_IF)
#0 C:\xampp\htdocs\ashokas\system\Autoloader\Autoloader.php(241): CodeIgniter\Autoloader\Autoloader->includeFile('C:\\xampp\\htdocs...')
#1 C:\xampp\htdocs\ashokas\system\Autoloader\Autoloader.php(219): CodeIgniter\Autoloader\Autoloader->loadInNamespace('App\\Controllers...')
#2 [internal function]: CodeIgniter\Autoloader\Autoloader->loadClass('App\\Controllers...')
#3 [internal function]: spl_autoload_call('App\\Controllers...')
#4 C:\xampp\htdocs\ashokas\system\CodeIgniter.php(789): class_exists('\\App\\Controller...', true)
#5 C:\xampp\htdocs\ashokas\system\CodeIgniter.php(397): CodeIgniter\CodeIgniter->startController()
#6 C:\xampp\htdocs\ashokas\system\CodeIgniter.php(318): CodeIgniter\CodeIgniter->handleRequest(NULL, Object(Config\Cache), false)
#7 C:\xampp\htdocs\ashokas\index.php(37): CodeIgniter\CodeIgniter->run()
#8 {main}
CRITICAL - 2022-01-22 19:23:14 --> syntax error, unexpected 'if' (T_IF)
#0 C:\xampp\htdocs\ashokas\system\Autoloader\Autoloader.php(241): CodeIgniter\Autoloader\Autoloader->includeFile('C:\\xampp\\htdocs...')
#1 C:\xampp\htdocs\ashokas\system\Autoloader\Autoloader.php(219): CodeIgniter\Autoloader\Autoloader->loadInNamespace('App\\Controllers...')
#2 [internal function]: CodeIgniter\Autoloader\Autoloader->loadClass('App\\Controllers...')
#3 [internal function]: spl_autoload_call('App\\Controllers...')
#4 C:\xampp\htdocs\ashokas\system\CodeIgniter.php(789): class_exists('\\App\\Controller...', true)
#5 C:\xampp\htdocs\ashokas\system\CodeIgniter.php(397): CodeIgniter\CodeIgniter->startController()
#6 C:\xampp\htdocs\ashokas\system\CodeIgniter.php(318): CodeIgniter\CodeIgniter->handleRequest(NULL, Object(Config\Cache), false)
#7 C:\xampp\htdocs\ashokas\index.php(37): CodeIgniter\CodeIgniter->run()
#8 {main}
CRITICAL - 2022-01-22 19:47:25 --> syntax error, unexpected 'else' (T_ELSE)
#0 C:\xampp\htdocs\ashokas\system\Autoloader\Autoloader.php(241): CodeIgniter\Autoloader\Autoloader->includeFile('C:\\xampp\\htdocs...')
#1 C:\xampp\htdocs\ashokas\system\Autoloader\Autoloader.php(219): CodeIgniter\Autoloader\Autoloader->loadInNamespace('App\\Controllers...')
#2 [internal function]: CodeIgniter\Autoloader\Autoloader->loadClass('App\\Controllers...')
#3 [internal function]: spl_autoload_call('App\\Controllers...')
#4 C:\xampp\htdocs\ashokas\system\CodeIgniter.php(789): class_exists('\\App\\Controller...', true)
#5 C:\xampp\htdocs\ashokas\system\CodeIgniter.php(397): CodeIgniter\CodeIgniter->startController()
#6 C:\xampp\htdocs\ashokas\system\CodeIgniter.php(318): CodeIgniter\CodeIgniter->handleRequest(NULL, Object(Config\Cache), false)
#7 C:\xampp\htdocs\ashokas\index.php(37): CodeIgniter\CodeIgniter->run()
#8 {main}
CRITICAL - 2022-01-22 19:48:14 --> syntax error, unexpected 'else' (T_ELSE)
#0 C:\xampp\htdocs\ashokas\system\Autoloader\Autoloader.php(241): CodeIgniter\Autoloader\Autoloader->includeFile('C:\\xampp\\htdocs...')
#1 C:\xampp\htdocs\ashokas\system\Autoloader\Autoloader.php(219): CodeIgniter\Autoloader\Autoloader->loadInNamespace('App\\Controllers...')
#2 [internal function]: CodeIgniter\Autoloader\Autoloader->loadClass('App\\Controllers...')
#3 [internal function]: spl_autoload_call('App\\Controllers...')
#4 C:\xampp\htdocs\ashokas\system\CodeIgniter.php(789): class_exists('\\App\\Controller...', true)
#5 C:\xampp\htdocs\ashokas\system\CodeIgniter.php(397): CodeIgniter\CodeIgniter->startController()
#6 C:\xampp\htdocs\ashokas\system\CodeIgniter.php(318): CodeIgniter\CodeIgniter->handleRequest(NULL, Object(Config\Cache), false)
#7 C:\xampp\htdocs\ashokas\index.php(37): CodeIgniter\CodeIgniter->run()
#8 {main}
CRITICAL - 2022-01-22 19:49:41 --> Undefined variable: roomtypeid
#0 C:\xampp\htdocs\ashokas\app\Controllers\Lodge.php(378): CodeIgniter\Debug\Exceptions->errorHandler(8, 'Undefined varia...', 'C:\\xampp\\htdocs...', 378, Array)
#1 C:\xampp\htdocs\ashokas\system\CodeIgniter.php(824): App\Controllers\Lodge->swap_room('207644')
#2 C:\xampp\htdocs\ashokas\system\CodeIgniter.php(410): CodeIgniter\CodeIgniter->runController(Object(App\Controllers\Lodge))
#3 C:\xampp\htdocs\ashokas\system\CodeIgniter.php(318): CodeIgniter\CodeIgniter->handleRequest(NULL, Object(Config\Cache), false)
#4 C:\xampp\htdocs\ashokas\index.php(37): CodeIgniter\CodeIgniter->run()
#5 {main}
ERROR - 2022-01-22 19:50:40 --> Unknown column 'price' in 'field list'
CRITICAL - 2022-01-22 19:50:40 --> Unknown column 'price' in 'field list'
#0 C:\xampp\htdocs\ashokas\system\Database\MySQLi\Connection.php(292): mysqli->query('UPDATE `transac...', 0)
#1 C:\xampp\htdocs\ashokas\system\Database\BaseConnection.php(670): CodeIgniter\Database\MySQLi\Connection->execute('UPDATE `transac...')
#2 C:\xampp\htdocs\ashokas\system\Database\BaseConnection.php(598): CodeIgniter\Database\BaseConnection->simpleQuery('UPDATE `transac...')
#3 C:\xampp\htdocs\ashokas\system\Database\BaseBuilder.php(1901): CodeIgniter\Database\BaseConnection->query('UPDATE `transac...', Array, false)
#4 C:\xampp\htdocs\ashokas\app\Models\TransactionModel.php(61): CodeIgniter\Database\BaseBuilder->update(Array)
#5 C:\xampp\htdocs\ashokas\app\Controllers\Lodge.php(382): App\Models\TransactionModel->editTransaction('207644', Array)
#6 C:\xampp\htdocs\ashokas\system\CodeIgniter.php(824): App\Controllers\Lodge->swap_room('207644')
#7 C:\xampp\htdocs\ashokas\system\CodeIgniter.php(410): CodeIgniter\CodeIgniter->runController(Object(App\Controllers\Lodge))
#8 C:\xampp\htdocs\ashokas\system\CodeIgniter.php(318): CodeIgniter\CodeIgniter->handleRequest(NULL, Object(Config\Cache), false)
#9 C:\xampp\htdocs\ashokas\index.php(37): CodeIgniter\CodeIgniter->run()
#10 {main}
CRITICAL - 2022-01-22 20:07:16 --> Object of class DateTime could not be converted to string
#0 C:\xampp\htdocs\ashokas\system\CodeIgniter.php(824): App\Controllers\Lodge->swap_room('207644')
#1 C:\xampp\htdocs\ashokas\system\CodeIgniter.php(410): CodeIgniter\CodeIgniter->runController(Object(App\Controllers\Lodge))
#2 C:\xampp\htdocs\ashokas\system\CodeIgniter.php(318): CodeIgniter\CodeIgniter->handleRequest(NULL, Object(Config\Cache), false)
#3 C:\xampp\htdocs\ashokas\index.php(37): CodeIgniter\CodeIgniter->run()
#4 {main}
CRITICAL - 2022-01-22 20:08:39 --> Object of class DateTime could not be converted to string
#0 C:\xampp\htdocs\ashokas\system\CodeIgniter.php(824): App\Controllers\Lodge->swap_room('207644')
#1 C:\xampp\htdocs\ashokas\system\CodeIgniter.php(410): CodeIgniter\CodeIgniter->runController(Object(App\Controllers\Lodge))
#2 C:\xampp\htdocs\ashokas\system\CodeIgniter.php(318): CodeIgniter\CodeIgniter->handleRequest(NULL, Object(Config\Cache), false)
#3 C:\xampp\htdocs\ashokas\index.php(37): CodeIgniter\CodeIgniter->run()
#4 {main}
CRITICAL - 2022-01-22 20:10:32 --> Object of class DateTime could not be converted to string
#0 C:\xampp\htdocs\ashokas\system\CodeIgniter.php(824): App\Controllers\Lodge->swap_room('207644')
#1 C:\xampp\htdocs\ashokas\system\CodeIgniter.php(410): CodeIgniter\CodeIgniter->runController(Object(App\Controllers\Lodge))
#2 C:\xampp\htdocs\ashokas\system\CodeIgniter.php(318): CodeIgniter\CodeIgniter->handleRequest(NULL, Object(Config\Cache), false)
#3 C:\xampp\htdocs\ashokas\index.php(37): CodeIgniter\CodeIgniter->run()
#4 {main}
CRITICAL - 2022-01-22 20:14:12 --> Object of class DateTime could not be converted to string
#0 C:\xampp\htdocs\ashokas\system\CodeIgniter.php(824): App\Controllers\Lodge->swap_room('207644')
#1 C:\xampp\htdocs\ashokas\system\CodeIgniter.php(410): CodeIgniter\CodeIgniter->runController(Object(App\Controllers\Lodge))
#2 C:\xampp\htdocs\ashokas\system\CodeIgniter.php(318): CodeIgniter\CodeIgniter->handleRequest(NULL, Object(Config\Cache), false)
#3 C:\xampp\htdocs\ashokas\index.php(37): CodeIgniter\CodeIgniter->run()
#4 {main}
CRITICAL - 2022-01-22 20:14:25 --> Object of class DateTime could not be converted to string
#0 C:\xampp\htdocs\ashokas\system\CodeIgniter.php(824): App\Controllers\Lodge->swap_room('207644')
#1 C:\xampp\htdocs\ashokas\system\CodeIgniter.php(410): CodeIgniter\CodeIgniter->runController(Object(App\Controllers\Lodge))
#2 C:\xampp\htdocs\ashokas\system\CodeIgniter.php(318): CodeIgniter\CodeIgniter->handleRequest(NULL, Object(Config\Cache), false)
#3 C:\xampp\htdocs\ashokas\index.php(37): CodeIgniter\CodeIgniter->run()
#4 {main}
CRITICAL - 2022-01-22 20:35:10 --> Undefined variable: roomdvacant
#0 C:\xampp\htdocs\ashokas\app\Controllers\Lodge.php(384): CodeIgniter\Debug\Exceptions->errorHandler(8, 'Undefined varia...', 'C:\\xampp\\htdocs...', 384, Array)
#1 C:\xampp\htdocs\ashokas\system\CodeIgniter.php(824): App\Controllers\Lodge->swap_room('207644')
#2 C:\xampp\htdocs\ashokas\system\CodeIgniter.php(410): CodeIgniter\CodeIgniter->runController(Object(App\Controllers\Lodge))
#3 C:\xampp\htdocs\ashokas\system\CodeIgniter.php(318): CodeIgniter\CodeIgniter->handleRequest(NULL, Object(Config\Cache), false)
#4 C:\xampp\htdocs\ashokas\index.php(37): CodeIgniter\CodeIgniter->run()
#5 {main}
CRITICAL - 2022-01-22 21:10:07 --> Undefined index: room_status
#0 C:\xampp\htdocs\ashokas\app\Views\lodge\swap.php(64): CodeIgniter\Debug\Exceptions->errorHandler(8, 'Undefined index...', 'C:\\xampp\\htdocs...', 64, Array)
#1 C:\xampp\htdocs\ashokas\system\View\View.php(214): include('C:\\xampp\\htdocs...')
#2 C:\xampp\htdocs\ashokas\system\View\View.php(217): CodeIgniter\View\View->CodeIgniter\View\{closure}()
#3 C:\xampp\htdocs\ashokas\system\Common.php(1097): CodeIgniter\View\View->render('lodge/swap', Array, true)
#4 C:\xampp\htdocs\ashokas\app\Controllers\Lodge.php(415): view('lodge/swap', Array)
#5 C:\xampp\htdocs\ashokas\system\CodeIgniter.php(824): App\Controllers\Lodge->swap_room('467684')
#6 C:\xampp\htdocs\ashokas\system\CodeIgniter.php(410): CodeIgniter\CodeIgniter->runController(Object(App\Controllers\Lodge))
#7 C:\xampp\htdocs\ashokas\system\CodeIgniter.php(318): CodeIgniter\CodeIgniter->handleRequest(NULL, Object(Config\Cache), false)
#8 C:\xampp\htdocs\ashokas\index.php(37): CodeIgniter\CodeIgniter->run()
#9 {main}
