CRITICAL - 2022-02-01 17:52:41 --> syntax error, unexpected 'foreach' (T_FOREACH)
#0 C:\xampp\htdocs\ashokas\system\View\View.php(217): CodeIgniter\View\View->CodeIgniter\View\{closure}()
#1 C:\xampp\htdocs\ashokas\system\View\View.php(432): CodeIgniter\View\View->render('layouts/script', NULL, true)
#2 C:\xampp\htdocs\ashokas\app\Views\layouts\base.php(119): CodeIgniter\View\View->include('layouts/script')
#3 C:\xampp\htdocs\ashokas\system\View\View.php(214): include('C:\\xampp\\htdocs...')
#4 C:\xampp\htdocs\ashokas\system\View\View.php(217): CodeIgniter\View\View->CodeIgniter\View\{closure}()
#5 C:\xampp\htdocs\ashokas\system\View\View.php(230): CodeIgniter\View\View->render('layouts/base', Array, true)
#6 C:\xampp\htdocs\ashokas\system\Common.php(1097): CodeIgniter\View\View->render('dashboard', Array, true)
#7 C:\xampp\htdocs\ashokas\app\Controllers\Dashboard.php(31): view('dashboard', Array)
#8 C:\xampp\htdocs\ashokas\system\CodeIgniter.php(824): App\Controllers\Dashboard->index()
#9 C:\xampp\htdocs\ashokas\system\CodeIgniter.php(410): CodeIgniter\CodeIgniter->runController(Object(App\Controllers\Dashboard))
#10 C:\xampp\htdocs\ashokas\system\CodeIgniter.php(318): CodeIgniter\CodeIgniter->handleRequest(NULL, Object(Config\Cache), false)
#11 C:\xampp\htdocs\ashokas\index.php(37): CodeIgniter\CodeIgniter->run()
#12 {main}
CRITICAL - 2022-02-01 17:53:39 --> syntax error, unexpected 'foreach' (T_FOREACH)
#0 C:\xampp\htdocs\ashokas\system\View\View.php(217): CodeIgniter\View\View->CodeIgniter\View\{closure}()
#1 C:\xampp\htdocs\ashokas\system\View\View.php(432): CodeIgniter\View\View->render('layouts/script', NULL, true)
#2 C:\xampp\htdocs\ashokas\app\Views\layouts\base.php(119): CodeIgniter\View\View->include('layouts/script')
#3 C:\xampp\htdocs\ashokas\system\View\View.php(214): include('C:\\xampp\\htdocs...')
#4 C:\xampp\htdocs\ashokas\system\View\View.php(217): CodeIgniter\View\View->CodeIgniter\View\{closure}()
#5 C:\xampp\htdocs\ashokas\system\View\View.php(230): CodeIgniter\View\View->render('layouts/base', Array, true)
#6 C:\xampp\htdocs\ashokas\system\Common.php(1097): CodeIgniter\View\View->render('dashboard', Array, true)
#7 C:\xampp\htdocs\ashokas\app\Controllers\Dashboard.php(31): view('dashboard', Array)
#8 C:\xampp\htdocs\ashokas\system\CodeIgniter.php(824): App\Controllers\Dashboard->index()
#9 C:\xampp\htdocs\ashokas\system\CodeIgniter.php(410): CodeIgniter\CodeIgniter->runController(Object(App\Controllers\Dashboard))
#10 C:\xampp\htdocs\ashokas\system\CodeIgniter.php(318): CodeIgniter\CodeIgniter->handleRequest(NULL, Object(Config\Cache), false)
#11 C:\xampp\htdocs\ashokas\index.php(37): CodeIgniter\CodeIgniter->run()
#12 {main}
CRITICAL - 2022-02-01 23:01:14 --> Argument 2 passed to CodeIgniter\HTTP\RedirectResponse::to() must be of the type int or null, array given, called in C:\xampp\htdocs\ashokas\app\Controllers\Lodge.php on line 456
#0 C:\xampp\htdocs\ashokas\app\Controllers\Lodge.php(456): CodeIgniter\HTTP\RedirectResponse->to('lodge/edit', Array)
#1 C:\xampp\htdocs\ashokas\system\CodeIgniter.php(824): App\Controllers\Lodge->edit_room('87124012')
#2 C:\xampp\htdocs\ashokas\system\CodeIgniter.php(410): CodeIgniter\CodeIgniter->runController(Object(App\Controllers\Lodge))
#3 C:\xampp\htdocs\ashokas\system\CodeIgniter.php(318): CodeIgniter\CodeIgniter->handleRequest(NULL, Object(Config\Cache), false)
#4 C:\xampp\htdocs\ashokas\index.php(37): CodeIgniter\CodeIgniter->run()
#5 {main}
CRITICAL - 2022-02-01 23:01:22 --> Argument 2 passed to CodeIgniter\HTTP\RedirectResponse::to() must be of the type int or null, array given, called in C:\xampp\htdocs\ashokas\app\Controllers\Lodge.php on line 456
#0 C:\xampp\htdocs\ashokas\app\Controllers\Lodge.php(456): CodeIgniter\HTTP\RedirectResponse->to('lodge/edit', Array)
#1 C:\xampp\htdocs\ashokas\system\CodeIgniter.php(824): App\Controllers\Lodge->edit_room('87124012')
#2 C:\xampp\htdocs\ashokas\system\CodeIgniter.php(410): CodeIgniter\CodeIgniter->runController(Object(App\Controllers\Lodge))
#3 C:\xampp\htdocs\ashokas\system\CodeIgniter.php(318): CodeIgniter\CodeIgniter->handleRequest(NULL, Object(Config\Cache), false)
#4 C:\xampp\htdocs\ashokas\index.php(37): CodeIgniter\CodeIgniter->run()
#5 {main}
CRITICAL - 2022-02-01 23:02:30 --> Undefined variable: validation
#0 C:\xampp\htdocs\ashokas\app\Views\lodge\edit.php(33): CodeIgniter\Debug\Exceptions->errorHandler(8, 'Undefined varia...', 'C:\\xampp\\htdocs...', 33, Array)
#1 C:\xampp\htdocs\ashokas\system\View\View.php(214): include('C:\\xampp\\htdocs...')
#2 C:\xampp\htdocs\ashokas\system\View\View.php(217): CodeIgniter\View\View->CodeIgniter\View\{closure}()
#3 C:\xampp\htdocs\ashokas\system\Common.php(1097): CodeIgniter\View\View->render('lodge/edit', Array, true)
#4 C:\xampp\htdocs\ashokas\app\Controllers\Lodge.php(456): view('lodge/edit', Array)
#5 C:\xampp\htdocs\ashokas\system\CodeIgniter.php(824): App\Controllers\Lodge->edit_room('87124012')
#6 C:\xampp\htdocs\ashokas\system\CodeIgniter.php(410): CodeIgniter\CodeIgniter->runController(Object(App\Controllers\Lodge))
#7 C:\xampp\htdocs\ashokas\system\CodeIgniter.php(318): CodeIgniter\CodeIgniter->handleRequest(NULL, Object(Config\Cache), false)
#8 C:\xampp\htdocs\ashokas\index.php(37): CodeIgniter\CodeIgniter->run()
#9 {main}
CRITICAL - 2022-02-01 23:03:00 --> Undefined variable: validation
#0 C:\xampp\htdocs\ashokas\app\Views\lodge\edit.php(33): CodeIgniter\Debug\Exceptions->errorHandler(8, 'Undefined varia...', 'C:\\xampp\\htdocs...', 33, Array)
#1 C:\xampp\htdocs\ashokas\system\View\View.php(214): include('C:\\xampp\\htdocs...')
#2 C:\xampp\htdocs\ashokas\system\View\View.php(217): CodeIgniter\View\View->CodeIgniter\View\{closure}()
#3 C:\xampp\htdocs\ashokas\system\Common.php(1097): CodeIgniter\View\View->render('lodge/edit', Array, true)
#4 C:\xampp\htdocs\ashokas\app\Controllers\Lodge.php(456): view('lodge/edit', Array)
#5 C:\xampp\htdocs\ashokas\system\CodeIgniter.php(824): App\Controllers\Lodge->edit_room('87124012')
#6 C:\xampp\htdocs\ashokas\system\CodeIgniter.php(410): CodeIgniter\CodeIgniter->runController(Object(App\Controllers\Lodge))
#7 C:\xampp\htdocs\ashokas\system\CodeIgniter.php(318): CodeIgniter\CodeIgniter->handleRequest(NULL, Object(Config\Cache), false)
#8 C:\xampp\htdocs\ashokas\index.php(37): CodeIgniter\CodeIgniter->run()
#9 {main}
CRITICAL - 2022-02-01 23:03:08 --> Undefined variable: validation
#0 C:\xampp\htdocs\ashokas\app\Views\lodge\edit.php(33): CodeIgniter\Debug\Exceptions->errorHandler(8, 'Undefined varia...', 'C:\\xampp\\htdocs...', 33, Array)
#1 C:\xampp\htdocs\ashokas\system\View\View.php(214): include('C:\\xampp\\htdocs...')
#2 C:\xampp\htdocs\ashokas\system\View\View.php(217): CodeIgniter\View\View->CodeIgniter\View\{closure}()
#3 C:\xampp\htdocs\ashokas\system\Common.php(1097): CodeIgniter\View\View->render('lodge/edit', Array, true)
#4 C:\xampp\htdocs\ashokas\app\Controllers\Lodge.php(456): view('lodge/edit', Array)
#5 C:\xampp\htdocs\ashokas\system\CodeIgniter.php(824): App\Controllers\Lodge->edit_room('87124012')
#6 C:\xampp\htdocs\ashokas\system\CodeIgniter.php(410): CodeIgniter\CodeIgniter->runController(Object(App\Controllers\Lodge))
#7 C:\xampp\htdocs\ashokas\system\CodeIgniter.php(318): CodeIgniter\CodeIgniter->handleRequest(NULL, Object(Config\Cache), false)
#8 C:\xampp\htdocs\ashokas\index.php(37): CodeIgniter\CodeIgniter->run()
#9 {main}
CRITICAL - 2022-02-01 23:03:49 --> Undefined variable: validation
#0 C:\xampp\htdocs\ashokas\app\Views\lodge\edit.php(33): CodeIgniter\Debug\Exceptions->errorHandler(8, 'Undefined varia...', 'C:\\xampp\\htdocs...', 33, Array)
#1 C:\xampp\htdocs\ashokas\system\View\View.php(214): include('C:\\xampp\\htdocs...')
#2 C:\xampp\htdocs\ashokas\system\View\View.php(217): CodeIgniter\View\View->CodeIgniter\View\{closure}()
#3 C:\xampp\htdocs\ashokas\system\Common.php(1097): CodeIgniter\View\View->render('lodge/edit', Array, true)
#4 C:\xampp\htdocs\ashokas\app\Controllers\Lodge.php(456): view('lodge/edit', Array)
#5 C:\xampp\htdocs\ashokas\system\CodeIgniter.php(824): App\Controllers\Lodge->edit_room('87124012')
#6 C:\xampp\htdocs\ashokas\system\CodeIgniter.php(410): CodeIgniter\CodeIgniter->runController(Object(App\Controllers\Lodge))
#7 C:\xampp\htdocs\ashokas\system\CodeIgniter.php(318): CodeIgniter\CodeIgniter->handleRequest(NULL, Object(Config\Cache), false)
#8 C:\xampp\htdocs\ashokas\index.php(37): CodeIgniter\CodeIgniter->run()
#9 {main}
CRITICAL - 2022-02-01 23:04:32 --> Undefined variable: validation
#0 C:\xampp\htdocs\ashokas\app\Views\lodge\edit.php(33): CodeIgniter\Debug\Exceptions->errorHandler(8, 'Undefined varia...', 'C:\\xampp\\htdocs...', 33, Array)
#1 C:\xampp\htdocs\ashokas\system\View\View.php(214): include('C:\\xampp\\htdocs...')
#2 C:\xampp\htdocs\ashokas\system\View\View.php(217): CodeIgniter\View\View->CodeIgniter\View\{closure}()
#3 C:\xampp\htdocs\ashokas\system\Common.php(1097): CodeIgniter\View\View->render('lodge/edit', Array, true)
#4 C:\xampp\htdocs\ashokas\app\Controllers\Lodge.php(456): view('lodge/edit', Array)
#5 C:\xampp\htdocs\ashokas\system\CodeIgniter.php(824): App\Controllers\Lodge->edit_room('87124012')
#6 C:\xampp\htdocs\ashokas\system\CodeIgniter.php(410): CodeIgniter\CodeIgniter->runController(Object(App\Controllers\Lodge))
#7 C:\xampp\htdocs\ashokas\system\CodeIgniter.php(318): CodeIgniter\CodeIgniter->handleRequest(NULL, Object(Config\Cache), false)
#8 C:\xampp\htdocs\ashokas\index.php(37): CodeIgniter\CodeIgniter->run()
#9 {main}
CRITICAL - 2022-02-01 23:04:39 --> Undefined variable: validation
#0 C:\xampp\htdocs\ashokas\app\Views\lodge\edit.php(33): CodeIgniter\Debug\Exceptions->errorHandler(8, 'Undefined varia...', 'C:\\xampp\\htdocs...', 33, Array)
#1 C:\xampp\htdocs\ashokas\system\View\View.php(214): include('C:\\xampp\\htdocs...')
#2 C:\xampp\htdocs\ashokas\system\View\View.php(217): CodeIgniter\View\View->CodeIgniter\View\{closure}()
#3 C:\xampp\htdocs\ashokas\system\Common.php(1097): CodeIgniter\View\View->render('lodge/edit', Array, true)
#4 C:\xampp\htdocs\ashokas\app\Controllers\Lodge.php(456): view('lodge/edit', Array)
#5 C:\xampp\htdocs\ashokas\system\CodeIgniter.php(824): App\Controllers\Lodge->edit_room('87124012')
#6 C:\xampp\htdocs\ashokas\system\CodeIgniter.php(410): CodeIgniter\CodeIgniter->runController(Object(App\Controllers\Lodge))
#7 C:\xampp\htdocs\ashokas\system\CodeIgniter.php(318): CodeIgniter\CodeIgniter->handleRequest(NULL, Object(Config\Cache), false)
#8 C:\xampp\htdocs\ashokas\index.php(37): CodeIgniter\CodeIgniter->run()
#9 {main}
CRITICAL - 2022-02-01 23:12:38 --> syntax error, unexpected '==' (T_IS_EQUAL), expecting ')'
#0 C:\xampp\htdocs\ashokas\system\Autoloader\Autoloader.php(241): CodeIgniter\Autoloader\Autoloader->includeFile('C:\\xampp\\htdocs...')
#1 C:\xampp\htdocs\ashokas\system\Autoloader\Autoloader.php(219): CodeIgniter\Autoloader\Autoloader->loadInNamespace('App\\Controllers...')
#2 [internal function]: CodeIgniter\Autoloader\Autoloader->loadClass('App\\Controllers...')
#3 [internal function]: spl_autoload_call('App\\Controllers...')
#4 C:\xampp\htdocs\ashokas\system\CodeIgniter.php(789): class_exists('\\App\\Controller...', true)
#5 C:\xampp\htdocs\ashokas\system\CodeIgniter.php(397): CodeIgniter\CodeIgniter->startController()
#6 C:\xampp\htdocs\ashokas\system\CodeIgniter.php(318): CodeIgniter\CodeIgniter->handleRequest(NULL, Object(Config\Cache), false)
#7 C:\xampp\htdocs\ashokas\index.php(37): CodeIgniter\CodeIgniter->run()
#8 {main}
CRITICAL - 2022-02-01 23:12:59 --> Undefined variable: room_types
#0 C:\xampp\htdocs\ashokas\app\Views\lodge\edit.php(138): CodeIgniter\Debug\Exceptions->errorHandler(8, 'Undefined varia...', 'C:\\xampp\\htdocs...', 138, Array)
#1 C:\xampp\htdocs\ashokas\system\View\View.php(214): include('C:\\xampp\\htdocs...')
#2 C:\xampp\htdocs\ashokas\system\View\View.php(217): CodeIgniter\View\View->CodeIgniter\View\{closure}()
#3 C:\xampp\htdocs\ashokas\system\Common.php(1097): CodeIgniter\View\View->render('lodge/edit', Array, true)
#4 C:\xampp\htdocs\ashokas\app\Controllers\Lodge.php(457): view('lodge/edit', Array)
#5 C:\xampp\htdocs\ashokas\system\CodeIgniter.php(824): App\Controllers\Lodge->edit_room('87124012')
#6 C:\xampp\htdocs\ashokas\system\CodeIgniter.php(410): CodeIgniter\CodeIgniter->runController(Object(App\Controllers\Lodge))
#7 C:\xampp\htdocs\ashokas\system\CodeIgniter.php(318): CodeIgniter\CodeIgniter->handleRequest(NULL, Object(Config\Cache), false)
#8 C:\xampp\htdocs\ashokas\index.php(37): CodeIgniter\CodeIgniter->run()
#9 {main}
